<?xml version="1.0" encoding="UTF-8"?>
<testsuites name="LOS Operation" time="4546.85" tests="27" failures="18" errors="0">
   <testsuite name="LOS Operation" tests="27" failures="18" errors="0" time="4546.85" skipped="0" timestamp="2021-11-23 15:02:55" hostname="Inaobatan.Olawale - INAOBATAN.fintraksoftware.com" id="Test Suites/FBN Credit360 LOS Operation/LOS Operation">
      <properties>
[...]
</properties>
      <testcase name="Test Cases/FBN Credit360 LOS Opeartion/Login" time="65.456" classname="Test Cases/FBN Credit360 LOS Opeartion/Login" status="PASSED">
         <system-out><![CDATA[2021-11-23 15:02:55 - [TEST_CASE][PASSED] - Test Cases/FBN Credit360 LOS Opeartion/Login: Test Cases/FBN Credit360 LOS Opeartion/Login

2021-11-23 15:02:56 - [TEST_STEP][PASSED] - openBrowser(""): Browser is opened with url: ''

2021-11-23 15:02:56 - [MESSAGE][INFO] - Starting 'Chrome' driver

2021-11-23 15:02:56 - [MESSAGE][INFO] - Action delay is set to 0 milliseconds

2021-11-23 15:02:59 - [MESSAGE][PASSED] - Browser is opened with url: ''

2021-11-23 15:02:59 - [TEST_STEP][PASSED] - navigateToUrl("https://fintrakcredit360web-fb.azurewebsites.net/#/"): Navigate to 'https://fintrakcredit360web-fb.azurewebsites.net/#/' successfully

2021-11-23 15:03:53 - [MESSAGE][PASSED] - Navigate to 'https://fintrakcredit360web-fb.azurewebsites.net/#/' successfully

2021-11-23 15:03:53 - [TEST_STEP][PASSED] - setText(findTestObject("Object Repository/Login-/Page_Fintrak  Core Banking/input_Log In_auth-name"), "SN019641"): Text 'SN019641' is set on object 'Object Repository/Login-/Page_Fintrak  Core Banking/input_Log In_auth-name'

2021-11-23 15:04:00 - [MESSAGE][PASSED] - Text 'SN019641' is set on object 'Object Repository/Login-/Page_Fintrak  Core Banking/input_Log In_auth-name'

2021-11-23 15:04:00 - [TEST_STEP][PASSED] - setEncryptedText(findTestObject("Object Repository/Login-/Page_Fintrak  Core Banking/input_Log In_auth-password"), "JltEQgaE0YE="): Text ****** has been set on object 'Object Repository/Login-/Page_Fintrak  Core Banking/input_Log In_auth-password'

2021-11-23 15:04:00 - [MESSAGE][PASSED] - Text ****** has been set on object 'Object Repository/Login-/Page_Fintrak  Core Banking/input_Log In_auth-password'

2021-11-23 15:04:00 - [TEST_STEP][PASSED] - click(findTestObject("Object Repository/Login-/Page_Fintrak  Core Banking/button_Log In")): Object: 'Object Repository/Login-/Page_Fintrak  Core Banking/button_Log In' is clicked on

2021-11-23 15:04:01 - [MESSAGE][PASSED] - Object: 'Object Repository/Login-/Page_Fintrak  Core Banking/button_Log In' is clicked on]]></system-out>
         <system-err><![CDATA[]]></system-err>
      </testcase>
      <testcase name="Test Cases/FBN Credit360 LOS Opeartion/Credit Origination" time="85.385" classname="Test Cases/FBN Credit360 LOS Opeartion/Credit Origination" status="PASSED">
         <system-out><![CDATA[2021-11-23 15:04:01 - [TEST_CASE][PASSED] - Test Cases/FBN Credit360 LOS Opeartion/Credit Origination: Test Cases/FBN Credit360 LOS Opeartion/Credit Origination

2021-11-23 15:04:01 - [TEST_STEP][PASSED] - callTestCase(findTestCase("FBN Credit360 LOS Opeartion/Login"), [:], STOP_ON_FAILURE): Call Test Case 'Test Cases/FBN Credit360 LOS Opeartion/Login' successfully

2021-11-23 15:04:01 - [TEST_CASE][PASSED] - Test Cases/FBN Credit360 LOS Opeartion/Login: Test Cases/FBN Credit360 LOS Opeartion/Login

2021-11-23 15:04:01 - [TEST_STEP][PASSED] - openBrowser(""): Browser is opened with url: ''

2021-11-23 15:04:01 - [MESSAGE][WARNING] - A browser is already opened. Closing browser and opening a new one

2021-11-23 15:04:02 - [MESSAGE][INFO] - Starting 'Chrome' driver

2021-11-23 15:04:02 - [MESSAGE][INFO] - Action delay is set to 0 milliseconds

2021-11-23 15:04:03 - [MESSAGE][PASSED] - Browser is opened with url: ''

2021-11-23 15:04:03 - [TEST_STEP][PASSED] - navigateToUrl("https://fintrakcredit360web-fb.azurewebsites.net/#/"): Navigate to 'https://fintrakcredit360web-fb.azurewebsites.net/#/' successfully

2021-11-23 15:04:58 - [MESSAGE][PASSED] - Navigate to 'https://fintrakcredit360web-fb.azurewebsites.net/#/' successfully

2021-11-23 15:04:58 - [TEST_STEP][PASSED] - setText(findTestObject("Object Repository/Login-/Page_Fintrak  Core Banking/input_Log In_auth-name"), "SN019641"): Text 'SN019641' is set on object 'Object Repository/Login-/Page_Fintrak  Core Banking/input_Log In_auth-name'

2021-11-23 15:05:04 - [MESSAGE][PASSED] - Text 'SN019641' is set on object 'Object Repository/Login-/Page_Fintrak  Core Banking/input_Log In_auth-name'

2021-11-23 15:05:04 - [TEST_STEP][PASSED] - setEncryptedText(findTestObject("Object Repository/Login-/Page_Fintrak  Core Banking/input_Log In_auth-password"), "JltEQgaE0YE="): Text ****** has been set on object 'Object Repository/Login-/Page_Fintrak  Core Banking/input_Log In_auth-password'

2021-11-23 15:05:05 - [MESSAGE][PASSED] - Text ****** has been set on object 'Object Repository/Login-/Page_Fintrak  Core Banking/input_Log In_auth-password'

2021-11-23 15:05:05 - [TEST_STEP][PASSED] - click(findTestObject("Object Repository/Login-/Page_Fintrak  Core Banking/button_Log In")): Object: 'Object Repository/Login-/Page_Fintrak  Core Banking/button_Log In' is clicked on

2021-11-23 15:05:05 - [MESSAGE][PASSED] - Object: 'Object Repository/Login-/Page_Fintrak  Core Banking/button_Log In' is clicked on

2021-11-23 15:05:05 - [MESSAGE][PASSED] - Call Test Case 'Test Cases/FBN Credit360 LOS Opeartion/Login' successfully

2021-11-23 15:05:05 - [TEST_STEP][PASSED] - click(findTestObject("Object Repository/Credit Origination/Page_Fintrak  Core Banking/span_Credit")): Object: 'Object Repository/Credit Origination/Page_Fintrak  Core Banking/span_Credit' is clicked on

2021-11-23 15:05:26 - [MESSAGE][PASSED] - Object: 'Object Repository/Credit Origination/Page_Fintrak  Core Banking/span_Credit' is clicked on

2021-11-23 15:05:26 - [TEST_STEP][PASSED] - click(findTestObject("Object Repository/Credit Origination/Page_Fintrak  Core Banking/span_Credit Origination")): Object: 'Object Repository/Credit Origination/Page_Fintrak  Core Banking/span_Credit Origination' is clicked on

2021-11-23 15:05:26 - [MESSAGE][PASSED] - Object: 'Object Repository/Credit Origination/Page_Fintrak  Core Banking/span_Credit Origination' is clicked on]]></system-out>
         <system-err><![CDATA[]]></system-err>
      </testcase>
      <testcase name="Test Cases/FBN Credit360 LOS Opeartion/Start Credit Application" time="107.725" classname="Test Cases/FBN Credit360 LOS Opeartion/Start Credit Application" status="PASSED">
         <system-out><![CDATA[2021-11-23 15:05:26 - [TEST_CASE][PASSED] - Test Cases/FBN Credit360 LOS Opeartion/Start Credit Application: Test Cases/FBN Credit360 LOS Opeartion/Start Credit Application

2021-11-23 15:05:27 - [TEST_STEP][PASSED] - callTestCase(findTestCase("FBN Credit360 LOS Opeartion/Credit Origination"), [:], STOP_ON_FAILURE): Call Test Case 'Test Cases/FBN Credit360 LOS Opeartion/Credit Origination' successfully

2021-11-23 15:05:27 - [TEST_CASE][PASSED] - Test Cases/FBN Credit360 LOS Opeartion/Credit Origination: Test Cases/FBN Credit360 LOS Opeartion/Credit Origination

2021-11-23 15:05:27 - [TEST_STEP][PASSED] - callTestCase(findTestCase("FBN Credit360 LOS Opeartion/Login"), [:], STOP_ON_FAILURE): Call Test Case 'Test Cases/FBN Credit360 LOS Opeartion/Login' successfully

2021-11-23 15:05:27 - [TEST_CASE][PASSED] - Test Cases/FBN Credit360 LOS Opeartion/Login: Test Cases/FBN Credit360 LOS Opeartion/Login

2021-11-23 15:05:27 - [TEST_STEP][PASSED] - openBrowser(""): Browser is opened with url: ''

2021-11-23 15:05:27 - [MESSAGE][WARNING] - A browser is already opened. Closing browser and opening a new one

2021-11-23 15:05:27 - [MESSAGE][INFO] - Starting 'Chrome' driver

2021-11-23 15:05:27 - [MESSAGE][INFO] - Action delay is set to 0 milliseconds

2021-11-23 15:05:29 - [MESSAGE][PASSED] - Browser is opened with url: ''

2021-11-23 15:05:29 - [TEST_STEP][PASSED] - navigateToUrl("https://fintrakcredit360web-fb.azurewebsites.net/#/"): Navigate to 'https://fintrakcredit360web-fb.azurewebsites.net/#/' successfully

2021-11-23 15:06:13 - [MESSAGE][PASSED] - Navigate to 'https://fintrakcredit360web-fb.azurewebsites.net/#/' successfully

2021-11-23 15:06:13 - [TEST_STEP][PASSED] - setText(findTestObject("Object Repository/Login-/Page_Fintrak  Core Banking/input_Log In_auth-name"), "SN019641"): Text 'SN019641' is set on object 'Object Repository/Login-/Page_Fintrak  Core Banking/input_Log In_auth-name'

2021-11-23 15:06:18 - [MESSAGE][PASSED] - Text 'SN019641' is set on object 'Object Repository/Login-/Page_Fintrak  Core Banking/input_Log In_auth-name'

2021-11-23 15:06:18 - [TEST_STEP][PASSED] - setEncryptedText(findTestObject("Object Repository/Login-/Page_Fintrak  Core Banking/input_Log In_auth-password"), "JltEQgaE0YE="): Text ****** has been set on object 'Object Repository/Login-/Page_Fintrak  Core Banking/input_Log In_auth-password'

2021-11-23 15:06:18 - [MESSAGE][PASSED] - Text ****** has been set on object 'Object Repository/Login-/Page_Fintrak  Core Banking/input_Log In_auth-password'

2021-11-23 15:06:18 - [TEST_STEP][PASSED] - click(findTestObject("Object Repository/Login-/Page_Fintrak  Core Banking/button_Log In")): Object: 'Object Repository/Login-/Page_Fintrak  Core Banking/button_Log In' is clicked on

2021-11-23 15:06:19 - [MESSAGE][PASSED] - Object: 'Object Repository/Login-/Page_Fintrak  Core Banking/button_Log In' is clicked on

2021-11-23 15:06:19 - [MESSAGE][PASSED] - Call Test Case 'Test Cases/FBN Credit360 LOS Opeartion/Login' successfully

2021-11-23 15:06:19 - [TEST_STEP][PASSED] - click(findTestObject("Object Repository/Credit Origination/Page_Fintrak  Core Banking/span_Credit")): Object: 'Object Repository/Credit Origination/Page_Fintrak  Core Banking/span_Credit' is clicked on

2021-11-23 15:06:39 - [MESSAGE][PASSED] - Object: 'Object Repository/Credit Origination/Page_Fintrak  Core Banking/span_Credit' is clicked on

2021-11-23 15:06:39 - [TEST_STEP][PASSED] - click(findTestObject("Object Repository/Credit Origination/Page_Fintrak  Core Banking/span_Credit Origination")): Object: 'Object Repository/Credit Origination/Page_Fintrak  Core Banking/span_Credit Origination' is clicked on

2021-11-23 15:06:40 - [MESSAGE][PASSED] - Object: 'Object Repository/Credit Origination/Page_Fintrak  Core Banking/span_Credit Origination' is clicked on

2021-11-23 15:06:40 - [MESSAGE][PASSED] - Call Test Case 'Test Cases/FBN Credit360 LOS Opeartion/Credit Origination' successfully

2021-11-23 15:06:40 - [TEST_STEP][PASSED] - click(findTestObject("Object Repository/Start Credit Application/Page_Fintrak  Core Banking/a_Start Credit Application")): Object: 'Object Repository/Start Credit Application/Page_Fintrak  Core Banking/a_Start Credit Application' is clicked on

2021-11-23 15:06:40 - [MESSAGE][PASSED] - Object: 'Object Repository/Start Credit Application/Page_Fintrak  Core Banking/a_Start Credit Application' is clicked on

2021-11-23 15:06:40 - [TEST_STEP][PASSED] - selectOptionByValue(findTestObject("Object Repository/Start Credit Application/Page_Fintrak  Core Banking/select_--- Select Customer Type --- Single _fce174"), "1", true): All options with value '1' are selected in object 'Object Repository/Start Credit Application/Page_Fintrak  Core Banking/select_--- Select Customer Type --- Single _fce174'  using regular expression

2021-11-23 15:07:01 - [MESSAGE][PASSED] - All options with value '1' are selected in object 'Object Repository/Start Credit Application/Page_Fintrak  Core Banking/select_--- Select Customer Type --- Single _fce174'  using regular expression

2021-11-23 15:07:01 - [TEST_STEP][PASSED] - click(findTestObject("Object Repository/Start Credit Application/Page_Fintrak  Core Banking/button_Next")): Object: 'Object Repository/Start Credit Application/Page_Fintrak  Core Banking/button_Next' is clicked on

2021-11-23 15:07:02 - [MESSAGE][PASSED] - Object: 'Object Repository/Start Credit Application/Page_Fintrak  Core Banking/button_Next' is clicked on

2021-11-23 15:07:02 - [TEST_STEP][PASSED] - setText(findTestObject("Object Repository/Start Credit Application/Page_Fintrak  Core Banking/input_Existing - Customer already have acco_fd2ab1"), "main"): Text 'main' is set on object 'Object Repository/Start Credit Application/Page_Fintrak  Core Banking/input_Existing - Customer already have acco_fd2ab1'

2021-11-23 15:07:03 - [MESSAGE][PASSED] - Text 'main' is set on object 'Object Repository/Start Credit Application/Page_Fintrak  Core Banking/input_Existing - Customer already have acco_fd2ab1'

2021-11-23 15:07:03 - [TEST_STEP][PASSED] - waitForElementNotClickable(findTestObject("Start Credit Application/Page_Fintrak  Core Banking/div_Customer Branch_ui-radiobutton-box ui-w_9e8bc6"), 10): Object 'Object Repository/Start Credit Application/Page_Fintrak  Core Banking/div_Customer Branch_ui-radiobutton-box ui-w_9e8bc6' is not clickable after 10 second(s)

2021-11-23 15:07:14 - [MESSAGE][WARNING] - Object 'Object Repository/Start Credit Application/Page_Fintrak  Core Banking/div_Customer Branch_ui-radiobutton-box ui-w_9e8bc6' is not clickable after 10 second(s)

2021-11-23 15:07:14 - [TEST_STEP][PASSED] - click(findTestObject("Object Repository/Start Credit Application/Page_Fintrak  Core Banking/div_Customer Branch_ui-radiobutton-box ui-w_9e8bc6")): Object: 'Object Repository/Start Credit Application/Page_Fintrak  Core Banking/div_Customer Branch_ui-radiobutton-box ui-w_9e8bc6' is clicked on

2021-11-23 15:07:14 - [MESSAGE][PASSED] - Object: 'Object Repository/Start Credit Application/Page_Fintrak  Core Banking/div_Customer Branch_ui-radiobutton-box ui-w_9e8bc6' is clicked on]]></system-out>
         <system-err><![CDATA[]]></system-err>
      </testcase>
      <testcase name="Test Cases/FBN Credit360 LOS Opeartion/Update Credit Bureau" time="125.597" classname="Test Cases/FBN Credit360 LOS Opeartion/Update Credit Bureau" status="PASSED">
         <system-out><![CDATA[2021-11-23 15:07:14 - [TEST_CASE][PASSED] - Test Cases/FBN Credit360 LOS Opeartion/Update Credit Bureau: Test Cases/FBN Credit360 LOS Opeartion/Update Credit Bureau

2021-11-23 15:07:14 - [TEST_STEP][PASSED] - callTestCase(findTestCase("FBN Credit360 LOS Opeartion/Start Credit Application"), [:], STOP_ON_FAILURE): Call Test Case 'Test Cases/FBN Credit360 LOS Opeartion/Start Credit Application' successfully

2021-11-23 15:07:14 - [TEST_CASE][PASSED] - Test Cases/FBN Credit360 LOS Opeartion/Start Credit Application: Test Cases/FBN Credit360 LOS Opeartion/Start Credit Application

2021-11-23 15:07:14 - [TEST_STEP][PASSED] - callTestCase(findTestCase("FBN Credit360 LOS Opeartion/Credit Origination"), [:], STOP_ON_FAILURE): Call Test Case 'Test Cases/FBN Credit360 LOS Opeartion/Credit Origination' successfully

2021-11-23 15:07:14 - [TEST_CASE][PASSED] - Test Cases/FBN Credit360 LOS Opeartion/Credit Origination: Test Cases/FBN Credit360 LOS Opeartion/Credit Origination

2021-11-23 15:07:14 - [TEST_STEP][PASSED] - callTestCase(findTestCase("FBN Credit360 LOS Opeartion/Login"), [:], STOP_ON_FAILURE): Call Test Case 'Test Cases/FBN Credit360 LOS Opeartion/Login' successfully

2021-11-23 15:07:14 - [TEST_CASE][PASSED] - Test Cases/FBN Credit360 LOS Opeartion/Login: Test Cases/FBN Credit360 LOS Opeartion/Login

2021-11-23 15:07:14 - [TEST_STEP][PASSED] - openBrowser(""): Browser is opened with url: ''

2021-11-23 15:07:14 - [MESSAGE][WARNING] - A browser is already opened. Closing browser and opening a new one

2021-11-23 15:07:15 - [MESSAGE][INFO] - Starting 'Chrome' driver

2021-11-23 15:07:15 - [MESSAGE][INFO] - Action delay is set to 0 milliseconds

2021-11-23 15:07:17 - [MESSAGE][PASSED] - Browser is opened with url: ''

2021-11-23 15:07:17 - [TEST_STEP][PASSED] - navigateToUrl("https://fintrakcredit360web-fb.azurewebsites.net/#/"): Navigate to 'https://fintrakcredit360web-fb.azurewebsites.net/#/' successfully

2021-11-23 15:07:40 - [MESSAGE][PASSED] - Navigate to 'https://fintrakcredit360web-fb.azurewebsites.net/#/' successfully

2021-11-23 15:07:40 - [TEST_STEP][PASSED] - setText(findTestObject("Object Repository/Login-/Page_Fintrak  Core Banking/input_Log In_auth-name"), "SN019641"): Text 'SN019641' is set on object 'Object Repository/Login-/Page_Fintrak  Core Banking/input_Log In_auth-name'

2021-11-23 15:07:41 - [MESSAGE][PASSED] - Text 'SN019641' is set on object 'Object Repository/Login-/Page_Fintrak  Core Banking/input_Log In_auth-name'

2021-11-23 15:07:41 - [TEST_STEP][PASSED] - setEncryptedText(findTestObject("Object Repository/Login-/Page_Fintrak  Core Banking/input_Log In_auth-password"), "JltEQgaE0YE="): Text ****** has been set on object 'Object Repository/Login-/Page_Fintrak  Core Banking/input_Log In_auth-password'

2021-11-23 15:07:42 - [MESSAGE][PASSED] - Text ****** has been set on object 'Object Repository/Login-/Page_Fintrak  Core Banking/input_Log In_auth-password'

2021-11-23 15:07:42 - [TEST_STEP][PASSED] - click(findTestObject("Object Repository/Login-/Page_Fintrak  Core Banking/button_Log In")): Object: 'Object Repository/Login-/Page_Fintrak  Core Banking/button_Log In' is clicked on

2021-11-23 15:07:42 - [MESSAGE][PASSED] - Object: 'Object Repository/Login-/Page_Fintrak  Core Banking/button_Log In' is clicked on

2021-11-23 15:07:42 - [MESSAGE][PASSED] - Call Test Case 'Test Cases/FBN Credit360 LOS Opeartion/Login' successfully

2021-11-23 15:07:42 - [TEST_STEP][PASSED] - click(findTestObject("Object Repository/Credit Origination/Page_Fintrak  Core Banking/span_Credit")): Object: 'Object Repository/Credit Origination/Page_Fintrak  Core Banking/span_Credit' is clicked on

2021-11-23 15:07:59 - [MESSAGE][PASSED] - Object: 'Object Repository/Credit Origination/Page_Fintrak  Core Banking/span_Credit' is clicked on

2021-11-23 15:07:59 - [TEST_STEP][PASSED] - click(findTestObject("Object Repository/Credit Origination/Page_Fintrak  Core Banking/span_Credit Origination")): Object: 'Object Repository/Credit Origination/Page_Fintrak  Core Banking/span_Credit Origination' is clicked on

2021-11-23 15:08:00 - [MESSAGE][PASSED] - Object: 'Object Repository/Credit Origination/Page_Fintrak  Core Banking/span_Credit Origination' is clicked on

2021-11-23 15:08:00 - [MESSAGE][PASSED] - Call Test Case 'Test Cases/FBN Credit360 LOS Opeartion/Credit Origination' successfully

2021-11-23 15:08:00 - [TEST_STEP][PASSED] - click(findTestObject("Object Repository/Start Credit Application/Page_Fintrak  Core Banking/a_Start Credit Application")): Object: 'Object Repository/Start Credit Application/Page_Fintrak  Core Banking/a_Start Credit Application' is clicked on

2021-11-23 15:08:00 - [MESSAGE][PASSED] - Object: 'Object Repository/Start Credit Application/Page_Fintrak  Core Banking/a_Start Credit Application' is clicked on

2021-11-23 15:08:00 - [TEST_STEP][PASSED] - selectOptionByValue(findTestObject("Object Repository/Start Credit Application/Page_Fintrak  Core Banking/select_--- Select Customer Type --- Single _fce174"), "1", true): All options with value '1' are selected in object 'Object Repository/Start Credit Application/Page_Fintrak  Core Banking/select_--- Select Customer Type --- Single _fce174'  using regular expression

2021-11-23 15:08:23 - [MESSAGE][PASSED] - All options with value '1' are selected in object 'Object Repository/Start Credit Application/Page_Fintrak  Core Banking/select_--- Select Customer Type --- Single _fce174'  using regular expression

2021-11-23 15:08:23 - [TEST_STEP][PASSED] - click(findTestObject("Object Repository/Start Credit Application/Page_Fintrak  Core Banking/button_Next")): Object: 'Object Repository/Start Credit Application/Page_Fintrak  Core Banking/button_Next' is clicked on

2021-11-23 15:08:24 - [MESSAGE][PASSED] - Object: 'Object Repository/Start Credit Application/Page_Fintrak  Core Banking/button_Next' is clicked on

2021-11-23 15:08:24 - [TEST_STEP][PASSED] - setText(findTestObject("Object Repository/Start Credit Application/Page_Fintrak  Core Banking/input_Existing - Customer already have acco_fd2ab1"), "main"): Text 'main' is set on object 'Object Repository/Start Credit Application/Page_Fintrak  Core Banking/input_Existing - Customer already have acco_fd2ab1'

2021-11-23 15:08:25 - [MESSAGE][PASSED] - Text 'main' is set on object 'Object Repository/Start Credit Application/Page_Fintrak  Core Banking/input_Existing - Customer already have acco_fd2ab1'

2021-11-23 15:08:25 - [TEST_STEP][PASSED] - waitForElementNotClickable(findTestObject("Start Credit Application/Page_Fintrak  Core Banking/div_Customer Branch_ui-radiobutton-box ui-w_9e8bc6"), 10): Object 'Object Repository/Start Credit Application/Page_Fintrak  Core Banking/div_Customer Branch_ui-radiobutton-box ui-w_9e8bc6' is not clickable after 10 second(s)

2021-11-23 15:08:36 - [MESSAGE][WARNING] - Object 'Object Repository/Start Credit Application/Page_Fintrak  Core Banking/div_Customer Branch_ui-radiobutton-box ui-w_9e8bc6' is not clickable after 10 second(s)

2021-11-23 15:08:36 - [TEST_STEP][PASSED] - click(findTestObject("Object Repository/Start Credit Application/Page_Fintrak  Core Banking/div_Customer Branch_ui-radiobutton-box ui-w_9e8bc6")): Object: 'Object Repository/Start Credit Application/Page_Fintrak  Core Banking/div_Customer Branch_ui-radiobutton-box ui-w_9e8bc6' is clicked on

2021-11-23 15:08:36 - [MESSAGE][PASSED] - Object: 'Object Repository/Start Credit Application/Page_Fintrak  Core Banking/div_Customer Branch_ui-radiobutton-box ui-w_9e8bc6' is clicked on

2021-11-23 15:08:36 - [MESSAGE][PASSED] - Call Test Case 'Test Cases/FBN Credit360 LOS Opeartion/Start Credit Application' successfully

2021-11-23 15:08:36 - [TEST_STEP][PASSED] - click(findTestObject("Object Repository/Update Credit Bureau/Page_Fintrak  Core Banking/button_Upload Credit Bureau Report")): Object: 'Object Repository/Update Credit Bureau/Page_Fintrak  Core Banking/button_Upload Credit Bureau Report' is clicked on

2021-11-23 15:08:59 - [MESSAGE][PASSED] - Object: 'Object Repository/Update Credit Bureau/Page_Fintrak  Core Banking/button_Upload Credit Bureau Report' is clicked on

2021-11-23 15:08:59 - [TEST_STEP][PASSED] - click(findTestObject("Object Repository/Update Credit Bureau/Page_Fintrak  Core Banking/span_Proceed")): Object: 'Object Repository/Update Credit Bureau/Page_Fintrak  Core Banking/span_Proceed' is clicked on

2021-11-23 15:09:09 - [MESSAGE][PASSED] - Object: 'Object Repository/Update Credit Bureau/Page_Fintrak  Core Banking/span_Proceed' is clicked on

2021-11-23 15:09:09 - [TEST_STEP][PASSED] - selectOptionByValue(findTestObject("Object Repository/Update Credit Bureau/Page_Fintrak  Core Banking/select_--- Select Application Type --- CAM _b68b56"), "2", true): All options with value '2' are selected in object 'Object Repository/Update Credit Bureau/Page_Fintrak  Core Banking/select_--- Select Application Type --- CAM _b68b56'  using regular expression

2021-11-23 15:09:20 - [MESSAGE][PASSED] - All options with value '2' are selected in object 'Object Repository/Update Credit Bureau/Page_Fintrak  Core Banking/select_--- Select Application Type --- CAM _b68b56'  using regular expression]]></system-out>
         <system-err><![CDATA[]]></system-err>
      </testcase>
      <testcase name="Test Cases/FBN Credit360 LOS Opeartion/Start New Loan Application" time="107.337" classname="Test Cases/FBN Credit360 LOS Opeartion/Start New Loan Application" status="PASSED">
         <system-out><![CDATA[2021-11-23 15:10:28 - [TEST_CASE][PASSED] - Test Cases/FBN Credit360 LOS Opeartion/Start New Loan Application: Test Cases/FBN Credit360 LOS Opeartion/Start New Loan Application

2021-11-23 15:10:28 - [TEST_STEP][PASSED] - callTestCase(findTestCase("FBN Credit360 LOS Opeartion/Update Credit Bureau"), [:], STOP_ON_FAILURE): Call Test Case 'Test Cases/FBN Credit360 LOS Opeartion/Update Credit Bureau' successfully

2021-11-23 15:10:28 - [TEST_CASE][PASSED] - Test Cases/FBN Credit360 LOS Opeartion/Update Credit Bureau: Test Cases/FBN Credit360 LOS Opeartion/Update Credit Bureau

2021-11-23 15:10:28 - [TEST_STEP][PASSED] - callTestCase(findTestCase("FBN Credit360 LOS Opeartion/Start Credit Application"), [:], STOP_ON_FAILURE): Call Test Case 'Test Cases/FBN Credit360 LOS Opeartion/Start Credit Application' successfully

2021-11-23 15:10:28 - [TEST_CASE][PASSED] - Test Cases/FBN Credit360 LOS Opeartion/Start Credit Application: Test Cases/FBN Credit360 LOS Opeartion/Start Credit Application

2021-11-23 15:10:28 - [TEST_STEP][PASSED] - callTestCase(findTestCase("FBN Credit360 LOS Opeartion/Credit Origination"), [:], STOP_ON_FAILURE): Call Test Case 'Test Cases/FBN Credit360 LOS Opeartion/Credit Origination' successfully

2021-11-23 15:10:28 - [TEST_CASE][PASSED] - Test Cases/FBN Credit360 LOS Opeartion/Credit Origination: Test Cases/FBN Credit360 LOS Opeartion/Credit Origination

2021-11-23 15:10:28 - [TEST_STEP][PASSED] - callTestCase(findTestCase("FBN Credit360 LOS Opeartion/Login"), [:], STOP_ON_FAILURE): Call Test Case 'Test Cases/FBN Credit360 LOS Opeartion/Login' successfully

2021-11-23 15:10:28 - [TEST_CASE][PASSED] - Test Cases/FBN Credit360 LOS Opeartion/Login: Test Cases/FBN Credit360 LOS Opeartion/Login

2021-11-23 15:10:28 - [TEST_STEP][PASSED] - openBrowser(""): Browser is opened with url: ''

2021-11-23 15:10:28 - [MESSAGE][WARNING] - A browser is already opened. Closing browser and opening a new one

2021-11-23 15:10:29 - [MESSAGE][INFO] - Starting 'Chrome' driver

2021-11-23 15:10:29 - [MESSAGE][INFO] - Action delay is set to 0 milliseconds

2021-11-23 15:10:30 - [MESSAGE][PASSED] - Browser is opened with url: ''

2021-11-23 15:10:30 - [TEST_STEP][PASSED] - navigateToUrl("https://fintrakcredit360web-fb.azurewebsites.net/#/"): Navigate to 'https://fintrakcredit360web-fb.azurewebsites.net/#/' successfully

2021-11-23 15:10:40 - [MESSAGE][PASSED] - Navigate to 'https://fintrakcredit360web-fb.azurewebsites.net/#/' successfully

2021-11-23 15:10:40 - [TEST_STEP][PASSED] - setText(findTestObject("Object Repository/Login-/Page_Fintrak  Core Banking/input_Log In_auth-name"), "SN019641"): Text 'SN019641' is set on object 'Object Repository/Login-/Page_Fintrak  Core Banking/input_Log In_auth-name'

2021-11-23 15:10:41 - [MESSAGE][PASSED] - Text 'SN019641' is set on object 'Object Repository/Login-/Page_Fintrak  Core Banking/input_Log In_auth-name'

2021-11-23 15:10:41 - [TEST_STEP][PASSED] - setEncryptedText(findTestObject("Object Repository/Login-/Page_Fintrak  Core Banking/input_Log In_auth-password"), "JltEQgaE0YE="): Text ****** has been set on object 'Object Repository/Login-/Page_Fintrak  Core Banking/input_Log In_auth-password'

2021-11-23 15:10:42 - [MESSAGE][PASSED] - Text ****** has been set on object 'Object Repository/Login-/Page_Fintrak  Core Banking/input_Log In_auth-password'

2021-11-23 15:10:42 - [TEST_STEP][PASSED] - click(findTestObject("Object Repository/Login-/Page_Fintrak  Core Banking/button_Log In")): Object: 'Object Repository/Login-/Page_Fintrak  Core Banking/button_Log In' is clicked on

2021-11-23 15:10:42 - [MESSAGE][PASSED] - Object: 'Object Repository/Login-/Page_Fintrak  Core Banking/button_Log In' is clicked on

2021-11-23 15:10:42 - [MESSAGE][PASSED] - Call Test Case 'Test Cases/FBN Credit360 LOS Opeartion/Login' successfully

2021-11-23 15:10:42 - [TEST_STEP][PASSED] - click(findTestObject("Object Repository/Credit Origination/Page_Fintrak  Core Banking/span_Credit")): Object: 'Object Repository/Credit Origination/Page_Fintrak  Core Banking/span_Credit' is clicked on

2021-11-23 15:10:51 - [MESSAGE][PASSED] - Object: 'Object Repository/Credit Origination/Page_Fintrak  Core Banking/span_Credit' is clicked on

2021-11-23 15:10:51 - [TEST_STEP][PASSED] - click(findTestObject("Object Repository/Credit Origination/Page_Fintrak  Core Banking/span_Credit Origination")): Object: 'Object Repository/Credit Origination/Page_Fintrak  Core Banking/span_Credit Origination' is clicked on

2021-11-23 15:10:52 - [MESSAGE][PASSED] - Object: 'Object Repository/Credit Origination/Page_Fintrak  Core Banking/span_Credit Origination' is clicked on

2021-11-23 15:10:52 - [MESSAGE][PASSED] - Call Test Case 'Test Cases/FBN Credit360 LOS Opeartion/Credit Origination' successfully

2021-11-23 15:10:52 - [TEST_STEP][PASSED] - click(findTestObject("Object Repository/Start Credit Application/Page_Fintrak  Core Banking/a_Start Credit Application")): Object: 'Object Repository/Start Credit Application/Page_Fintrak  Core Banking/a_Start Credit Application' is clicked on

2021-11-23 15:10:52 - [MESSAGE][PASSED] - Object: 'Object Repository/Start Credit Application/Page_Fintrak  Core Banking/a_Start Credit Application' is clicked on

2021-11-23 15:10:52 - [TEST_STEP][PASSED] - selectOptionByValue(findTestObject("Object Repository/Start Credit Application/Page_Fintrak  Core Banking/select_--- Select Customer Type --- Single _fce174"), "1", true): All options with value '1' are selected in object 'Object Repository/Start Credit Application/Page_Fintrak  Core Banking/select_--- Select Customer Type --- Single _fce174'  using regular expression

2021-11-23 15:11:12 - [MESSAGE][PASSED] - All options with value '1' are selected in object 'Object Repository/Start Credit Application/Page_Fintrak  Core Banking/select_--- Select Customer Type --- Single _fce174'  using regular expression

2021-11-23 15:11:12 - [TEST_STEP][PASSED] - click(findTestObject("Object Repository/Start Credit Application/Page_Fintrak  Core Banking/button_Next")): Object: 'Object Repository/Start Credit Application/Page_Fintrak  Core Banking/button_Next' is clicked on

2021-11-23 15:11:12 - [MESSAGE][PASSED] - Object: 'Object Repository/Start Credit Application/Page_Fintrak  Core Banking/button_Next' is clicked on

2021-11-23 15:11:12 - [TEST_STEP][PASSED] - setText(findTestObject("Object Repository/Start Credit Application/Page_Fintrak  Core Banking/input_Existing - Customer already have acco_fd2ab1"), "main"): Text 'main' is set on object 'Object Repository/Start Credit Application/Page_Fintrak  Core Banking/input_Existing - Customer already have acco_fd2ab1'

2021-11-23 15:11:13 - [MESSAGE][PASSED] - Text 'main' is set on object 'Object Repository/Start Credit Application/Page_Fintrak  Core Banking/input_Existing - Customer already have acco_fd2ab1'

2021-11-23 15:11:13 - [TEST_STEP][PASSED] - waitForElementNotClickable(findTestObject("Start Credit Application/Page_Fintrak  Core Banking/div_Customer Branch_ui-radiobutton-box ui-w_9e8bc6"), 10): Object 'Object Repository/Start Credit Application/Page_Fintrak  Core Banking/div_Customer Branch_ui-radiobutton-box ui-w_9e8bc6' is not clickable after 10 second(s)

2021-11-23 15:11:24 - [MESSAGE][WARNING] - Object 'Object Repository/Start Credit Application/Page_Fintrak  Core Banking/div_Customer Branch_ui-radiobutton-box ui-w_9e8bc6' is not clickable after 10 second(s)

2021-11-23 15:11:24 - [TEST_STEP][PASSED] - click(findTestObject("Object Repository/Start Credit Application/Page_Fintrak  Core Banking/div_Customer Branch_ui-radiobutton-box ui-w_9e8bc6")): Object: 'Object Repository/Start Credit Application/Page_Fintrak  Core Banking/div_Customer Branch_ui-radiobutton-box ui-w_9e8bc6' is clicked on

2021-11-23 15:11:24 - [MESSAGE][PASSED] - Object: 'Object Repository/Start Credit Application/Page_Fintrak  Core Banking/div_Customer Branch_ui-radiobutton-box ui-w_9e8bc6' is clicked on

2021-11-23 15:11:24 - [MESSAGE][PASSED] - Call Test Case 'Test Cases/FBN Credit360 LOS Opeartion/Start Credit Application' successfully

2021-11-23 15:11:24 - [TEST_STEP][PASSED] - click(findTestObject("Object Repository/Update Credit Bureau/Page_Fintrak  Core Banking/button_Upload Credit Bureau Report")): Object: 'Object Repository/Update Credit Bureau/Page_Fintrak  Core Banking/button_Upload Credit Bureau Report' is clicked on

2021-11-23 15:11:38 - [MESSAGE][PASSED] - Object: 'Object Repository/Update Credit Bureau/Page_Fintrak  Core Banking/button_Upload Credit Bureau Report' is clicked on

2021-11-23 15:11:38 - [TEST_STEP][PASSED] - click(findTestObject("Object Repository/Update Credit Bureau/Page_Fintrak  Core Banking/span_Proceed")): Object: 'Object Repository/Update Credit Bureau/Page_Fintrak  Core Banking/span_Proceed' is clicked on

2021-11-23 15:11:43 - [MESSAGE][PASSED] - Object: 'Object Repository/Update Credit Bureau/Page_Fintrak  Core Banking/span_Proceed' is clicked on

2021-11-23 15:11:43 - [TEST_STEP][PASSED] - selectOptionByValue(findTestObject("Object Repository/Update Credit Bureau/Page_Fintrak  Core Banking/select_--- Select Application Type --- CAM _b68b56"), "2", true): All options with value '2' are selected in object 'Object Repository/Update Credit Bureau/Page_Fintrak  Core Banking/select_--- Select Application Type --- CAM _b68b56'  using regular expression

2021-11-23 15:11:52 - [MESSAGE][PASSED] - All options with value '2' are selected in object 'Object Repository/Update Credit Bureau/Page_Fintrak  Core Banking/select_--- Select Application Type --- CAM _b68b56'  using regular expression

2021-11-23 15:11:52 - [MESSAGE][PASSED] - Call Test Case 'Test Cases/FBN Credit360 LOS Opeartion/Update Credit Bureau' successfully

2021-11-23 15:11:52 - [TEST_STEP][PASSED] - click(findTestObject("Object Repository/Start New Loan Application/Page_Fintrak  Core Banking/button_New Loan Application")): Object: 'Object Repository/Start New Loan Application/Page_Fintrak  Core Banking/button_New Loan Application' is clicked on

2021-11-23 15:11:53 - [MESSAGE][PASSED] - Object: 'Object Repository/Start New Loan Application/Page_Fintrak  Core Banking/button_New Loan Application' is clicked on

2021-11-23 15:11:53 - [TEST_STEP][PASSED] - selectOptionByValue(findTestObject("Object Repository/Start New Loan Application/Page_Fintrak  Core Banking/select_-- Select Require Collateral --Immov_123cfd"), "3", true): All options with value '3' are selected in object 'Object Repository/Start New Loan Application/Page_Fintrak  Core Banking/select_-- Select Require Collateral --Immov_123cfd'  using regular expression

2021-11-23 15:12:08 - [MESSAGE][PASSED] - All options with value '3' are selected in object 'Object Repository/Start New Loan Application/Page_Fintrak  Core Banking/select_-- Select Require Collateral --Immov_123cfd'  using regular expression

2021-11-23 15:12:08 - [TEST_STEP][PASSED] - selectOptionByValue(findTestObject("Object Repository/Start New Loan Application/Page_Fintrak  Core Banking/select_--- Select Product Class --- Not In _42f3e7"), "5", true): All options with value '5' are selected in object 'Object Repository/Start New Loan Application/Page_Fintrak  Core Banking/select_--- Select Product Class --- Not In _42f3e7'  using regular expression

2021-11-23 15:12:09 - [MESSAGE][PASSED] - All options with value '5' are selected in object 'Object Repository/Start New Loan Application/Page_Fintrak  Core Banking/select_--- Select Product Class --- Not In _42f3e7'  using regular expression

2021-11-23 15:12:09 - [TEST_STEP][PASSED] - selectOptionByValue(findTestObject("Object Repository/Start New Loan Application/Page_Fintrak  Core Banking/select_--- Select Business Unit --- Corpora_a8e2c7"), "3", true): All options with value '3' are selected in object 'Object Repository/Start New Loan Application/Page_Fintrak  Core Banking/select_--- Select Business Unit --- Corpora_a8e2c7'  using regular expression

2021-11-23 15:12:10 - [MESSAGE][PASSED] - All options with value '3' are selected in object 'Object Repository/Start New Loan Application/Page_Fintrak  Core Banking/select_--- Select Business Unit --- Corpora_a8e2c7'  using regular expression

2021-11-23 15:12:10 - [TEST_STEP][PASSED] - selectOptionByValue(findTestObject("Object Repository/Start New Loan Application/Page_Fintrak  Core Banking/select_-- Select Region -- RPC  Recent Test_689ea9"), "9", true): All options with value '9' are selected in object 'Object Repository/Start New Loan Application/Page_Fintrak  Core Banking/select_-- Select Region -- RPC  Recent Test_689ea9'  using regular expression

2021-11-23 15:12:12 - [MESSAGE][PASSED] - All options with value '9' are selected in object 'Object Repository/Start New Loan Application/Page_Fintrak  Core Banking/select_-- Select Region -- RPC  Recent Test_689ea9'  using regular expression

2021-11-23 15:12:12 - [TEST_STEP][PASSED] - click(findTestObject("Object Repository/Start New Loan Application/Page_Fintrak  Core Banking/span_Add Desk Code")): Object: 'Object Repository/Start New Loan Application/Page_Fintrak  Core Banking/span_Add Desk Code' is clicked on

2021-11-23 15:12:12 - [MESSAGE][PASSED] - Object: 'Object Repository/Start New Loan Application/Page_Fintrak  Core Banking/span_Add Desk Code' is clicked on

2021-11-23 15:12:12 - [TEST_STEP][PASSED] - setText(findTestObject("Object Repository/Start New Loan Application/Page_Fintrak  Core Banking/input_Desk Code_misCodeField"), "36061"): Text '36061' is set on object 'Object Repository/Start New Loan Application/Page_Fintrak  Core Banking/input_Desk Code_misCodeField'

2021-11-23 15:12:13 - [MESSAGE][PASSED] - Text '36061' is set on object 'Object Repository/Start New Loan Application/Page_Fintrak  Core Banking/input_Desk Code_misCodeField'

2021-11-23 15:12:13 - [TEST_STEP][PASSED] - click(findTestObject("Object Repository/Start New Loan Application/Page_Fintrak  Core Banking/button_Search Desk Code")): Object: 'Object Repository/Start New Loan Application/Page_Fintrak  Core Banking/button_Search Desk Code' is clicked on

2021-11-23 15:12:13 - [MESSAGE][PASSED] - Object: 'Object Repository/Start New Loan Application/Page_Fintrak  Core Banking/button_Search Desk Code' is clicked on

2021-11-23 15:12:13 - [TEST_STEP][PASSED] - click(findTestObject("Object Repository/Start New Loan Application/Page_Fintrak  Core Banking/button_Add Desk Code")): Object: 'Object Repository/Start New Loan Application/Page_Fintrak  Core Banking/button_Add Desk Code' is clicked on

2021-11-23 15:12:15 - [MESSAGE][PASSED] - Object: 'Object Repository/Start New Loan Application/Page_Fintrak  Core Banking/button_Add Desk Code' is clicked on]]></system-out>
         <system-err><![CDATA[]]></system-err>
      </testcase>
      <testcase name="Test Cases/FBN Credit360 LOS Opeartion/Add Facility" time="177.417" classname="Test Cases/FBN Credit360 LOS Opeartion/Add Facility" status="PASSED">
         <system-out><![CDATA[2021-11-23 15:16:41 - [TEST_CASE][PASSED] - Test Cases/FBN Credit360 LOS Opeartion/Add Facility: Test Cases/FBN Credit360 LOS Opeartion/Add Facility

2021-11-23 15:16:41 - [TEST_STEP][PASSED] - callTestCase(findTestCase("FBN Credit360 LOS Opeartion/Start New Loan Application"), [:], STOP_ON_FAILURE): Call Test Case 'Test Cases/FBN Credit360 LOS Opeartion/Start New Loan Application' successfully

2021-11-23 15:16:41 - [TEST_CASE][PASSED] - Test Cases/FBN Credit360 LOS Opeartion/Start New Loan Application: Test Cases/FBN Credit360 LOS Opeartion/Start New Loan Application

2021-11-23 15:16:41 - [TEST_STEP][PASSED] - callTestCase(findTestCase("FBN Credit360 LOS Opeartion/Update Credit Bureau"), [:], STOP_ON_FAILURE): Call Test Case 'Test Cases/FBN Credit360 LOS Opeartion/Update Credit Bureau' successfully

2021-11-23 15:16:42 - [TEST_CASE][PASSED] - Test Cases/FBN Credit360 LOS Opeartion/Update Credit Bureau: Test Cases/FBN Credit360 LOS Opeartion/Update Credit Bureau

2021-11-23 15:16:42 - [TEST_STEP][PASSED] - callTestCase(findTestCase("FBN Credit360 LOS Opeartion/Start Credit Application"), [:], STOP_ON_FAILURE): Call Test Case 'Test Cases/FBN Credit360 LOS Opeartion/Start Credit Application' successfully

2021-11-23 15:16:42 - [TEST_CASE][PASSED] - Test Cases/FBN Credit360 LOS Opeartion/Start Credit Application: Test Cases/FBN Credit360 LOS Opeartion/Start Credit Application

2021-11-23 15:16:42 - [TEST_STEP][PASSED] - callTestCase(findTestCase("FBN Credit360 LOS Opeartion/Credit Origination"), [:], STOP_ON_FAILURE): Call Test Case 'Test Cases/FBN Credit360 LOS Opeartion/Credit Origination' successfully

2021-11-23 15:16:42 - [TEST_CASE][PASSED] - Test Cases/FBN Credit360 LOS Opeartion/Credit Origination: Test Cases/FBN Credit360 LOS Opeartion/Credit Origination

2021-11-23 15:16:42 - [TEST_STEP][PASSED] - callTestCase(findTestCase("FBN Credit360 LOS Opeartion/Login"), [:], STOP_ON_FAILURE): Call Test Case 'Test Cases/FBN Credit360 LOS Opeartion/Login' successfully

2021-11-23 15:16:42 - [TEST_CASE][PASSED] - Test Cases/FBN Credit360 LOS Opeartion/Login: Test Cases/FBN Credit360 LOS Opeartion/Login

2021-11-23 15:16:42 - [TEST_STEP][PASSED] - openBrowser(""): Browser is opened with url: ''

2021-11-23 15:16:42 - [MESSAGE][WARNING] - A browser is already opened. Closing browser and opening a new one

2021-11-23 15:16:43 - [MESSAGE][INFO] - Starting 'Chrome' driver

2021-11-23 15:16:43 - [MESSAGE][INFO] - Action delay is set to 0 milliseconds

2021-11-23 15:16:44 - [MESSAGE][PASSED] - Browser is opened with url: ''

2021-11-23 15:16:44 - [TEST_STEP][PASSED] - navigateToUrl("https://fintrakcredit360web-fb.azurewebsites.net/#/"): Navigate to 'https://fintrakcredit360web-fb.azurewebsites.net/#/' successfully

2021-11-23 15:16:50 - [MESSAGE][PASSED] - Navigate to 'https://fintrakcredit360web-fb.azurewebsites.net/#/' successfully

2021-11-23 15:16:50 - [TEST_STEP][PASSED] - setText(findTestObject("Object Repository/Login-/Page_Fintrak  Core Banking/input_Log In_auth-name"), "SN019641"): Text 'SN019641' is set on object 'Object Repository/Login-/Page_Fintrak  Core Banking/input_Log In_auth-name'

2021-11-23 15:16:52 - [MESSAGE][PASSED] - Text 'SN019641' is set on object 'Object Repository/Login-/Page_Fintrak  Core Banking/input_Log In_auth-name'

2021-11-23 15:16:52 - [TEST_STEP][PASSED] - setEncryptedText(findTestObject("Object Repository/Login-/Page_Fintrak  Core Banking/input_Log In_auth-password"), "JltEQgaE0YE="): Text ****** has been set on object 'Object Repository/Login-/Page_Fintrak  Core Banking/input_Log In_auth-password'

2021-11-23 15:16:52 - [MESSAGE][PASSED] - Text ****** has been set on object 'Object Repository/Login-/Page_Fintrak  Core Banking/input_Log In_auth-password'

2021-11-23 15:16:52 - [TEST_STEP][PASSED] - click(findTestObject("Object Repository/Login-/Page_Fintrak  Core Banking/button_Log In")): Object: 'Object Repository/Login-/Page_Fintrak  Core Banking/button_Log In' is clicked on

2021-11-23 15:16:53 - [MESSAGE][PASSED] - Object: 'Object Repository/Login-/Page_Fintrak  Core Banking/button_Log In' is clicked on

2021-11-23 15:16:53 - [MESSAGE][PASSED] - Call Test Case 'Test Cases/FBN Credit360 LOS Opeartion/Login' successfully

2021-11-23 15:16:53 - [TEST_STEP][PASSED] - click(findTestObject("Object Repository/Credit Origination/Page_Fintrak  Core Banking/span_Credit")): Object: 'Object Repository/Credit Origination/Page_Fintrak  Core Banking/span_Credit' is clicked on

2021-11-23 15:16:56 - [MESSAGE][PASSED] - Object: 'Object Repository/Credit Origination/Page_Fintrak  Core Banking/span_Credit' is clicked on

2021-11-23 15:16:56 - [TEST_STEP][PASSED] - click(findTestObject("Object Repository/Credit Origination/Page_Fintrak  Core Banking/span_Credit Origination")): Object: 'Object Repository/Credit Origination/Page_Fintrak  Core Banking/span_Credit Origination' is clicked on

2021-11-23 15:16:57 - [MESSAGE][PASSED] - Object: 'Object Repository/Credit Origination/Page_Fintrak  Core Banking/span_Credit Origination' is clicked on

2021-11-23 15:16:57 - [MESSAGE][PASSED] - Call Test Case 'Test Cases/FBN Credit360 LOS Opeartion/Credit Origination' successfully

2021-11-23 15:16:57 - [TEST_STEP][PASSED] - click(findTestObject("Object Repository/Start Credit Application/Page_Fintrak  Core Banking/a_Start Credit Application")): Object: 'Object Repository/Start Credit Application/Page_Fintrak  Core Banking/a_Start Credit Application' is clicked on

2021-11-23 15:16:57 - [MESSAGE][PASSED] - Object: 'Object Repository/Start Credit Application/Page_Fintrak  Core Banking/a_Start Credit Application' is clicked on

2021-11-23 15:16:57 - [TEST_STEP][PASSED] - selectOptionByValue(findTestObject("Object Repository/Start Credit Application/Page_Fintrak  Core Banking/select_--- Select Customer Type --- Single _fce174"), "1", true): All options with value '1' are selected in object 'Object Repository/Start Credit Application/Page_Fintrak  Core Banking/select_--- Select Customer Type --- Single _fce174'  using regular expression

2021-11-23 15:17:03 - [MESSAGE][PASSED] - All options with value '1' are selected in object 'Object Repository/Start Credit Application/Page_Fintrak  Core Banking/select_--- Select Customer Type --- Single _fce174'  using regular expression

2021-11-23 15:17:03 - [TEST_STEP][PASSED] - click(findTestObject("Object Repository/Start Credit Application/Page_Fintrak  Core Banking/button_Next")): Object: 'Object Repository/Start Credit Application/Page_Fintrak  Core Banking/button_Next' is clicked on

2021-11-23 15:17:03 - [MESSAGE][PASSED] - Object: 'Object Repository/Start Credit Application/Page_Fintrak  Core Banking/button_Next' is clicked on

2021-11-23 15:17:03 - [TEST_STEP][PASSED] - setText(findTestObject("Object Repository/Start Credit Application/Page_Fintrak  Core Banking/input_Existing - Customer already have acco_fd2ab1"), "main"): Text 'main' is set on object 'Object Repository/Start Credit Application/Page_Fintrak  Core Banking/input_Existing - Customer already have acco_fd2ab1'

2021-11-23 15:17:04 - [MESSAGE][PASSED] - Text 'main' is set on object 'Object Repository/Start Credit Application/Page_Fintrak  Core Banking/input_Existing - Customer already have acco_fd2ab1'

2021-11-23 15:17:04 - [TEST_STEP][PASSED] - waitForElementNotClickable(findTestObject("Start Credit Application/Page_Fintrak  Core Banking/div_Customer Branch_ui-radiobutton-box ui-w_9e8bc6"), 10): Object 'Object Repository/Start Credit Application/Page_Fintrak  Core Banking/div_Customer Branch_ui-radiobutton-box ui-w_9e8bc6' is not clickable after 10 second(s)

2021-11-23 15:17:15 - [MESSAGE][WARNING] - Object 'Object Repository/Start Credit Application/Page_Fintrak  Core Banking/div_Customer Branch_ui-radiobutton-box ui-w_9e8bc6' is not clickable after 10 second(s)

2021-11-23 15:17:15 - [TEST_STEP][PASSED] - click(findTestObject("Object Repository/Start Credit Application/Page_Fintrak  Core Banking/div_Customer Branch_ui-radiobutton-box ui-w_9e8bc6")): Object: 'Object Repository/Start Credit Application/Page_Fintrak  Core Banking/div_Customer Branch_ui-radiobutton-box ui-w_9e8bc6' is clicked on

2021-11-23 15:17:15 - [MESSAGE][PASSED] - Object: 'Object Repository/Start Credit Application/Page_Fintrak  Core Banking/div_Customer Branch_ui-radiobutton-box ui-w_9e8bc6' is clicked on

2021-11-23 15:17:15 - [MESSAGE][PASSED] - Call Test Case 'Test Cases/FBN Credit360 LOS Opeartion/Start Credit Application' successfully

2021-11-23 15:17:15 - [TEST_STEP][PASSED] - click(findTestObject("Object Repository/Update Credit Bureau/Page_Fintrak  Core Banking/button_Upload Credit Bureau Report")): Object: 'Object Repository/Update Credit Bureau/Page_Fintrak  Core Banking/button_Upload Credit Bureau Report' is clicked on

2021-11-23 15:17:22 - [MESSAGE][PASSED] - Object: 'Object Repository/Update Credit Bureau/Page_Fintrak  Core Banking/button_Upload Credit Bureau Report' is clicked on

2021-11-23 15:17:22 - [TEST_STEP][PASSED] - click(findTestObject("Object Repository/Update Credit Bureau/Page_Fintrak  Core Banking/span_Proceed")): Object: 'Object Repository/Update Credit Bureau/Page_Fintrak  Core Banking/span_Proceed' is clicked on

2021-11-23 15:17:25 - [MESSAGE][PASSED] - Object: 'Object Repository/Update Credit Bureau/Page_Fintrak  Core Banking/span_Proceed' is clicked on

2021-11-23 15:17:25 - [TEST_STEP][PASSED] - selectOptionByValue(findTestObject("Object Repository/Update Credit Bureau/Page_Fintrak  Core Banking/select_--- Select Application Type --- CAM _b68b56"), "2", true): All options with value '2' are selected in object 'Object Repository/Update Credit Bureau/Page_Fintrak  Core Banking/select_--- Select Application Type --- CAM _b68b56'  using regular expression

2021-11-23 15:17:32 - [MESSAGE][PASSED] - All options with value '2' are selected in object 'Object Repository/Update Credit Bureau/Page_Fintrak  Core Banking/select_--- Select Application Type --- CAM _b68b56'  using regular expression

2021-11-23 15:17:32 - [MESSAGE][PASSED] - Call Test Case 'Test Cases/FBN Credit360 LOS Opeartion/Update Credit Bureau' successfully

2021-11-23 15:17:32 - [TEST_STEP][PASSED] - click(findTestObject("Object Repository/Start New Loan Application/Page_Fintrak  Core Banking/button_New Loan Application")): Object: 'Object Repository/Start New Loan Application/Page_Fintrak  Core Banking/button_New Loan Application' is clicked on

2021-11-23 15:17:33 - [MESSAGE][PASSED] - Object: 'Object Repository/Start New Loan Application/Page_Fintrak  Core Banking/button_New Loan Application' is clicked on

2021-11-23 15:17:33 - [TEST_STEP][PASSED] - selectOptionByValue(findTestObject("Object Repository/Start New Loan Application/Page_Fintrak  Core Banking/select_-- Select Require Collateral --Immov_123cfd"), "3", true): All options with value '3' are selected in object 'Object Repository/Start New Loan Application/Page_Fintrak  Core Banking/select_-- Select Require Collateral --Immov_123cfd'  using regular expression

2021-11-23 15:17:38 - [MESSAGE][PASSED] - All options with value '3' are selected in object 'Object Repository/Start New Loan Application/Page_Fintrak  Core Banking/select_-- Select Require Collateral --Immov_123cfd'  using regular expression

2021-11-23 15:17:38 - [TEST_STEP][PASSED] - selectOptionByValue(findTestObject("Object Repository/Start New Loan Application/Page_Fintrak  Core Banking/select_--- Select Product Class --- Not In _42f3e7"), "5", true): All options with value '5' are selected in object 'Object Repository/Start New Loan Application/Page_Fintrak  Core Banking/select_--- Select Product Class --- Not In _42f3e7'  using regular expression

2021-11-23 15:17:39 - [MESSAGE][PASSED] - All options with value '5' are selected in object 'Object Repository/Start New Loan Application/Page_Fintrak  Core Banking/select_--- Select Product Class --- Not In _42f3e7'  using regular expression

2021-11-23 15:17:39 - [TEST_STEP][PASSED] - selectOptionByValue(findTestObject("Object Repository/Start New Loan Application/Page_Fintrak  Core Banking/select_--- Select Business Unit --- Corpora_a8e2c7"), "3", true): All options with value '3' are selected in object 'Object Repository/Start New Loan Application/Page_Fintrak  Core Banking/select_--- Select Business Unit --- Corpora_a8e2c7'  using regular expression

2021-11-23 15:17:40 - [MESSAGE][PASSED] - All options with value '3' are selected in object 'Object Repository/Start New Loan Application/Page_Fintrak  Core Banking/select_--- Select Business Unit --- Corpora_a8e2c7'  using regular expression

2021-11-23 15:17:40 - [TEST_STEP][PASSED] - selectOptionByValue(findTestObject("Object Repository/Start New Loan Application/Page_Fintrak  Core Banking/select_-- Select Region -- RPC  Recent Test_689ea9"), "9", true): All options with value '9' are selected in object 'Object Repository/Start New Loan Application/Page_Fintrak  Core Banking/select_-- Select Region -- RPC  Recent Test_689ea9'  using regular expression

2021-11-23 15:17:42 - [MESSAGE][PASSED] - All options with value '9' are selected in object 'Object Repository/Start New Loan Application/Page_Fintrak  Core Banking/select_-- Select Region -- RPC  Recent Test_689ea9'  using regular expression

2021-11-23 15:17:42 - [TEST_STEP][PASSED] - click(findTestObject("Object Repository/Start New Loan Application/Page_Fintrak  Core Banking/span_Add Desk Code")): Object: 'Object Repository/Start New Loan Application/Page_Fintrak  Core Banking/span_Add Desk Code' is clicked on

2021-11-23 15:17:42 - [MESSAGE][PASSED] - Object: 'Object Repository/Start New Loan Application/Page_Fintrak  Core Banking/span_Add Desk Code' is clicked on

2021-11-23 15:17:42 - [TEST_STEP][PASSED] - setText(findTestObject("Object Repository/Start New Loan Application/Page_Fintrak  Core Banking/input_Desk Code_misCodeField"), "36061"): Text '36061' is set on object 'Object Repository/Start New Loan Application/Page_Fintrak  Core Banking/input_Desk Code_misCodeField'

2021-11-23 15:17:43 - [MESSAGE][PASSED] - Text '36061' is set on object 'Object Repository/Start New Loan Application/Page_Fintrak  Core Banking/input_Desk Code_misCodeField'

2021-11-23 15:17:43 - [TEST_STEP][PASSED] - click(findTestObject("Object Repository/Start New Loan Application/Page_Fintrak  Core Banking/button_Search Desk Code")): Object: 'Object Repository/Start New Loan Application/Page_Fintrak  Core Banking/button_Search Desk Code' is clicked on

2021-11-23 15:17:44 - [MESSAGE][PASSED] - Object: 'Object Repository/Start New Loan Application/Page_Fintrak  Core Banking/button_Search Desk Code' is clicked on

2021-11-23 15:17:44 - [TEST_STEP][PASSED] - click(findTestObject("Object Repository/Start New Loan Application/Page_Fintrak  Core Banking/button_Add Desk Code")): Object: 'Object Repository/Start New Loan Application/Page_Fintrak  Core Banking/button_Add Desk Code' is clicked on

2021-11-23 15:17:45 - [MESSAGE][PASSED] - Object: 'Object Repository/Start New Loan Application/Page_Fintrak  Core Banking/button_Add Desk Code' is clicked on

2021-11-23 15:17:45 - [MESSAGE][PASSED] - Call Test Case 'Test Cases/FBN Credit360 LOS Opeartion/Start New Loan Application' successfully

2021-11-23 15:17:45 - [TEST_STEP][PASSED] - click(findTestObject("Object Repository/Add Facility/Page_Fintrak  Core Banking/span_Add Facility")): Object: 'Object Repository/Add Facility/Page_Fintrak  Core Banking/span_Add Facility' is clicked on

2021-11-23 15:17:46 - [MESSAGE][PASSED] - Object: 'Object Repository/Add Facility/Page_Fintrak  Core Banking/span_Add Facility' is clicked on

2021-11-23 15:17:46 - [TEST_STEP][PASSED] - selectOptionByValue(findTestObject("Object Repository/Add Facility/Page_Fintrak  Core Banking/select_CASH BACKED OVERDRAFT  CASH BACKED T_eccdf1"), "48", true): All options with value '48' are selected in object 'Object Repository/Add Facility/Page_Fintrak  Core Banking/select_CASH BACKED OVERDRAFT  CASH BACKED T_eccdf1'  using regular expression

2021-11-23 15:17:50 - [MESSAGE][PASSED] - All options with value '48' are selected in object 'Object Repository/Add Facility/Page_Fintrak  Core Banking/select_CASH BACKED OVERDRAFT  CASH BACKED T_eccdf1'  using regular expression

2021-11-23 15:17:50 - [TEST_STEP][PASSED] - selectOptionByValue(findTestObject("Object Repository/Add Facility/Page_Fintrak  Core Banking/select_ACTIVITIES OF EXTRATERRITORIAL ORGAN_8de441"), "1", true): All options with value '1' are selected in object 'Object Repository/Add Facility/Page_Fintrak  Core Banking/select_ACTIVITIES OF EXTRATERRITORIAL ORGAN_8de441'  using regular expression

2021-11-23 15:18:03 - [MESSAGE][PASSED] - All options with value '1' are selected in object 'Object Repository/Add Facility/Page_Fintrak  Core Banking/select_ACTIVITIES OF EXTRATERRITORIAL ORGAN_8de441'  using regular expression

2021-11-23 15:18:03 - [TEST_STEP][PASSED] - selectOptionByValue(findTestObject("Object Repository/Add Facility/Page_Fintrak  Core Banking/select_---Select Subsector--- Crop Producti_fdb3a7"), "9", true): All options with value '9' are selected in object 'Object Repository/Add Facility/Page_Fintrak  Core Banking/select_---Select Subsector--- Crop Producti_fdb3a7'  using regular expression

2021-11-23 15:18:13 - [MESSAGE][PASSED] - All options with value '9' are selected in object 'Object Repository/Add Facility/Page_Fintrak  Core Banking/select_---Select Subsector--- Crop Producti_fdb3a7'  using regular expression

2021-11-23 15:18:13 - [TEST_STEP][PASSED] - selectOptionByValue(findTestObject("Object Repository/Add Facility/Page_Fintrak  Core Banking/select_CASH BACKED TERM LOAN - EUR  CASH BA_3c57de"), "48", true): All options with value '48' are selected in object 'Object Repository/Add Facility/Page_Fintrak  Core Banking/select_CASH BACKED TERM LOAN - EUR  CASH BA_3c57de'  using regular expression

2021-11-23 15:18:15 - [MESSAGE][PASSED] - All options with value '48' are selected in object 'Object Repository/Add Facility/Page_Fintrak  Core Banking/select_CASH BACKED TERM LOAN - EUR  CASH BA_3c57de'  using regular expression

2021-11-23 15:18:15 - [TEST_STEP][PASSED] - setText(findTestObject("Object Repository/Add Facility/Page_Fintrak  Core Banking/input_Proposed Tenor_proposedTenor"), "30"): Text '30' is set on object 'Object Repository/Add Facility/Page_Fintrak  Core Banking/input_Proposed Tenor_proposedTenor'

2021-11-23 15:18:34 - [MESSAGE][PASSED] - Text '30' is set on object 'Object Repository/Add Facility/Page_Fintrak  Core Banking/input_Proposed Tenor_proposedTenor'

2021-11-23 15:18:34 - [TEST_STEP][PASSED] - selectOptionByValue(findTestObject("Object Repository/Add Facility/Page_Fintrak  Core Banking/select_31  30.99  30.98  30.97  30.96  30.9_0b66aa"), "31", true): All options with value '31' are selected in object 'Object Repository/Add Facility/Page_Fintrak  Core Banking/select_31  30.99  30.98  30.97  30.96  30.9_0b66aa'  using regular expression

2021-11-23 15:19:23 - [MESSAGE][PASSED] - All options with value '31' are selected in object 'Object Repository/Add Facility/Page_Fintrak  Core Banking/select_31  30.99  30.98  30.97  30.96  30.9_0b66aa'  using regular expression

2021-11-23 15:19:23 - [TEST_STEP][PASSED] - setText(findTestObject("Object Repository/Add Facility/Page_Fintrak  Core Banking/input_Facility Amount_proposedAmount"), "1.8m"): Text '1.8m' is set on object 'Object Repository/Add Facility/Page_Fintrak  Core Banking/input_Facility Amount_proposedAmount'

2021-11-23 15:19:23 - [MESSAGE][PASSED] - Text '1.8m' is set on object 'Object Repository/Add Facility/Page_Fintrak  Core Banking/input_Facility Amount_proposedAmount'

2021-11-23 15:19:23 - [TEST_STEP][PASSED] - click(findTestObject("Object Repository/Add Facility/Page_Fintrak  Core Banking/body_menuFINTRAK BANK PLC  KADUNA (SOUTH) B_d0ea2a")): Object: 'Object Repository/Add Facility/Page_Fintrak  Core Banking/body_menuFINTRAK BANK PLC  KADUNA (SOUTH) B_d0ea2a' is clicked on

2021-11-23 15:19:27 - [MESSAGE][PASSED] - Object: 'Object Repository/Add Facility/Page_Fintrak  Core Banking/body_menuFINTRAK BANK PLC  KADUNA (SOUTH) B_d0ea2a' is clicked on

2021-11-23 15:19:27 - [TEST_STEP][PASSED] - selectOptionByValue(findTestObject("Object Repository/Add Facility/Page_Fintrak  Core Banking/select_Select CRMS Funding SourceFS1000-Bal_8636d3"), "168", true): All options with value '168' are selected in object 'Object Repository/Add Facility/Page_Fintrak  Core Banking/select_Select CRMS Funding SourceFS1000-Bal_8636d3'  using regular expression

2021-11-23 15:19:29 - [MESSAGE][PASSED] - All options with value '168' are selected in object 'Object Repository/Add Facility/Page_Fintrak  Core Banking/select_Select CRMS Funding SourceFS1000-Bal_8636d3'  using regular expression

2021-11-23 15:19:29 - [TEST_STEP][PASSED] - click(findTestObject("Object Repository/Add Facility/Page_Fintrak  Core Banking/input_Product Price Index Rate (Optional)_p_ff577d")): Object: 'Object Repository/Add Facility/Page_Fintrak  Core Banking/input_Product Price Index Rate (Optional)_p_ff577d' is clicked on

2021-11-23 15:19:30 - [MESSAGE][PASSED] - Object: 'Object Repository/Add Facility/Page_Fintrak  Core Banking/input_Product Price Index Rate (Optional)_p_ff577d' is clicked on

2021-11-23 15:19:30 - [TEST_STEP][PASSED] - selectOptionByValue(findTestObject("Object Repository/Add Facility/Page_Fintrak  Core Banking/select_Select CRMS Repayment SourceGRS001-B_32c007"), "117", true): All options with value '117' are selected in object 'Object Repository/Add Facility/Page_Fintrak  Core Banking/select_Select CRMS Repayment SourceGRS001-B_32c007'  using regular expression

2021-11-23 15:19:31 - [MESSAGE][PASSED] - All options with value '117' are selected in object 'Object Repository/Add Facility/Page_Fintrak  Core Banking/select_Select CRMS Repayment SourceGRS001-B_32c007'  using regular expression

2021-11-23 15:19:31 - [TEST_STEP][PASSED] - setText(findTestObject("Object Repository/Add Facility/Page_Fintrak  Core Banking/textarea_Repayment Term_repaymentTerm"), "k"): Text 'k' is set on object 'Object Repository/Add Facility/Page_Fintrak  Core Banking/textarea_Repayment Term_repaymentTerm'

2021-11-23 15:19:32 - [MESSAGE][PASSED] - Text 'k' is set on object 'Object Repository/Add Facility/Page_Fintrak  Core Banking/textarea_Repayment Term_repaymentTerm'

2021-11-23 15:19:32 - [TEST_STEP][PASSED] - setText(findTestObject("Object Repository/Add Facility/Page_Fintrak  Core Banking/input_Annual Percentage Rate (APR)_apr"), "700"): Text '700' is set on object 'Object Repository/Add Facility/Page_Fintrak  Core Banking/input_Annual Percentage Rate (APR)_apr'

2021-11-23 15:19:33 - [MESSAGE][PASSED] - Text '700' is set on object 'Object Repository/Add Facility/Page_Fintrak  Core Banking/input_Annual Percentage Rate (APR)_apr'

2021-11-23 15:19:33 - [TEST_STEP][PASSED] - setText(findTestObject("Object Repository/Add Facility/Page_Fintrak  Core Banking/textarea_Facility Purpose_loanPurpose"), "k"): Text 'k' is set on object 'Object Repository/Add Facility/Page_Fintrak  Core Banking/textarea_Facility Purpose_loanPurpose'

2021-11-23 15:19:33 - [MESSAGE][PASSED] - Text 'k' is set on object 'Object Repository/Add Facility/Page_Fintrak  Core Banking/textarea_Facility Purpose_loanPurpose'

2021-11-23 15:19:33 - [TEST_STEP][PASSED] - setText(findTestObject("Object Repository/Add Facility/Page_Fintrak  Core Banking/textarea_Repayment Pattern_repaymentDate"), "k"): Text 'k' is set on object 'Object Repository/Add Facility/Page_Fintrak  Core Banking/textarea_Repayment Pattern_repaymentDate'

2021-11-23 15:19:34 - [MESSAGE][PASSED] - Text 'k' is set on object 'Object Repository/Add Facility/Page_Fintrak  Core Banking/textarea_Repayment Pattern_repaymentDate'

2021-11-23 15:19:34 - [TEST_STEP][PASSED] - selectOptionByValue(findTestObject("Object Repository/Add Facility/Page_Fintrak  Core Banking/select_Select Operating Account1000790070(S_a64068"), "5054", true): All options with value '5054' are selected in object 'Object Repository/Add Facility/Page_Fintrak  Core Banking/select_Select Operating Account1000790070(S_a64068'  using regular expression

2021-11-23 15:19:35 - [MESSAGE][PASSED] - All options with value '5054' are selected in object 'Object Repository/Add Facility/Page_Fintrak  Core Banking/select_Select Operating Account1000790070(S_a64068'  using regular expression

2021-11-23 15:19:35 - [TEST_STEP][PASSED] - selectOptionByValue(findTestObject("Object Repository/Add Facility/Page_Fintrak  Core Banking/select_Select Facility Detail TypeENHANCEME_de88f7"), "1", true): All options with value '1' are selected in object 'Object Repository/Add Facility/Page_Fintrak  Core Banking/select_Select Facility Detail TypeENHANCEME_de88f7'  using regular expression

2021-11-23 15:19:37 - [MESSAGE][PASSED] - All options with value '1' are selected in object 'Object Repository/Add Facility/Page_Fintrak  Core Banking/select_Select Facility Detail TypeENHANCEME_de88f7'  using regular expression

2021-11-23 15:19:37 - [TEST_STEP][PASSED] - selectOptionByValue(findTestObject("Object Repository/Add Facility/Page_Fintrak  Core Banking/select_--Select An Option--  On Total Appro_d77d66"), "1", true): All options with value '1' are selected in object 'Object Repository/Add Facility/Page_Fintrak  Core Banking/select_--Select An Option--  On Total Appro_d77d66'  using regular expression

2021-11-23 15:19:38 - [MESSAGE][PASSED] - All options with value '1' are selected in object 'Object Repository/Add Facility/Page_Fintrak  Core Banking/select_--Select An Option--  On Total Appro_d77d66'  using regular expression

2021-11-23 15:19:38 - [TEST_STEP][PASSED] - click(findTestObject("Object Repository/Add Facility/Page_Fintrak  Core Banking/span_Add Facility_1")): Object: 'Object Repository/Add Facility/Page_Fintrak  Core Banking/span_Add Facility_1' is clicked on

2021-11-23 15:19:38 - [MESSAGE][PASSED] - Object: 'Object Repository/Add Facility/Page_Fintrak  Core Banking/span_Add Facility_1' is clicked on

2021-11-23 15:19:38 - [TEST_STEP][PASSED] - click(findTestObject("Object Repository/Add Facility/Page_Fintrak  Core Banking/button_Yes")): Object: 'Object Repository/Add Facility/Page_Fintrak  Core Banking/button_Yes' is clicked on

2021-11-23 15:19:39 - [MESSAGE][PASSED] - Object: 'Object Repository/Add Facility/Page_Fintrak  Core Banking/button_Yes' is clicked on]]></system-out>
         <system-err><![CDATA[]]></system-err>
      </testcase>
      <testcase name="Test Cases/FBN Credit360 LOS Opeartion/Credit Application" time="17.556" classname="Test Cases/FBN Credit360 LOS Opeartion/Credit Application" status="FAILED">
         <failure type="FAILED" message="Test Cases/FBN Credit360 LOS Opeartion/Credit Application FAILED.
Reason:
com.kms.katalon.core.exception.StepFailedException: Unable to click on object 'Object Repository/Credit Application/Page_Fintrak  Core Banking/div_Amount_ui-radiobutton ui-widget'
	at com.kms.katalon.core.webui.keyword.internal.WebUIKeywordMain.stepFailed(WebUIKeywordMain.groovy:64)
	at com.kms.katalon.core.webui.keyword.internal.WebUIKeywordMain.runKeyword(WebUIKeywordMain.groovy:26)
	at com.kms.katalon.core.webui.keyword.builtin.ClickKeyword.click(ClickKeyword.groovy:75)
	at com.kms.katalon.core.webui.keyword.builtin.ClickKeyword.execute(ClickKeyword.groovy:42)
	at com.kms.katalon.core.keyword.internal.KeywordExecutor.executeKeywordForPlatform(KeywordExecutor.groovy:74)
	at com.kms.katalon.core.webui.keyword.WebUiBuiltInKeywords.click(WebUiBuiltInKeywords.groovy:620)
	at com.kms.katalon.core.webui.keyword.WebUiBuiltInKeywords$click$3.call(Unknown Source)
	at Credit Application.run(Credit Application:24)
	at com.kms.katalon.core.main.ScriptEngine.run(ScriptEngine.java:194)
	at com.kms.katalon.core.main.ScriptEngine.runScriptAsRawText(ScriptEngine.java:119)
	at com.kms.katalon.core.main.TestCaseExecutor.runScript(TestCaseExecutor.java:430)
	at com.kms.katalon.core.main.TestCaseExecutor.doExecute(TestCaseExecutor.java:421)
	at com.kms.katalon.core.main.TestCaseExecutor.processExecutionPhase(TestCaseExecutor.java:400)
	at com.kms.katalon.core.main.TestCaseExecutor.accessMainPhase(TestCaseExecutor.java:392)
	at com.kms.katalon.core.main.TestCaseExecutor.execute(TestCaseExecutor.java:273)
	at com.kms.katalon.core.main.TestCaseExecutor.execute(TestCaseExecutor.java:351)
	at com.kms.katalon.core.main.TestCaseExecutor.execute(TestCaseExecutor.java:351)
	at com.kms.katalon.core.main.TestCaseExecutor.execute(TestCaseExecutor.java:351)
	at com.kms.katalon.core.main.TestSuiteExecutor.accessTestCaseMainPhase(TestSuiteExecutor.java:202)
	at com.kms.katalon.core.main.TestSuiteExecutor.accessTestSuiteMainPhase(TestSuiteExecutor.java:164)
	at com.kms.katalon.core.main.TestSuiteExecutor.execute(TestSuiteExecutor.java:105)
	at com.kms.katalon.core.main.TestCaseMain.startTestSuite(TestCaseMain.java:185)
	at com.kms.katalon.core.main.TestCaseMain$startTestSuite$0.call(Unknown Source)
	at TempTestSuite1637676172355.run(TempTestSuite1637676172355.groovy:36)
Caused by: org.openqa.selenium.ElementClickInterceptedException: element click intercepted: Element &lt;div class=&quot;ui-paginator-bottom ui-paginator ui-widget ui-widget-header ui-unselectable-text ng-star-inserted&quot;>...&lt;/div> is not clickable at point (642, 279). Other element would receive the click: &lt;div id=&quot;page-preloader&quot; style=&quot;display: block;&quot;>...&lt;/div>
  (Session info: chrome=95.0.4638.69)
Build info: version: '3.141.59', revision: 'e82be7d358', time: '2018-11-14T08:25:53'
System info: host: 'INAOBATAN', ip: '172.20.10.3', os.name: 'Windows 10', os.arch: 'amd64', os.version: '10.0', java.version: '1.8.0_282'
Driver info: com.kms.katalon.selenium.driver.CChromeDriver
Capabilities {acceptInsecureCerts: false, browserName: chrome, browserVersion: 95.0.4638.69, chrome: {chromedriverVersion: 95.0.4638.69 (6a1600ed572fe..., userDataDir: C:\Users\INAOBA~1.OLA\AppDa...}, goog:chromeOptions: {debuggerAddress: localhost:58522}, javascriptEnabled: true, networkConnectionEnabled: false, pageLoadStrategy: normal, platform: WINDOWS, platformName: WINDOWS, proxy: Proxy(), setWindowRect: true, strictFileInteractability: false, timeouts: {implicit: 0, pageLoad: 300000, script: 30000}, unhandledPromptBehavior: dismiss and notify, webauthn:extension:credBlob: true, webauthn:extension:largeBlob: true, webauthn:virtualAuthenticators: true}
Session ID: b7c65b80c8459c7b5b1b4f6828036a96
	at org.openqa.selenium.remote.http.W3CHttpResponseCodec.createException(W3CHttpResponseCodec.java:187)
	at org.openqa.selenium.remote.http.W3CHttpResponseCodec.decode(W3CHttpResponseCodec.java:122)
	at org.openqa.selenium.remote.http.W3CHttpResponseCodec.decode(W3CHttpResponseCodec.java:49)
	at org.openqa.selenium.remote.HttpCommandExecutor.execute(HttpCommandExecutor.java:158)
	at org.openqa.selenium.remote.service.DriverCommandExecutor.execute(DriverCommandExecutor.java:83)
	at org.openqa.selenium.remote.RemoteWebDriver.execute(RemoteWebDriver.java:552)
	at com.kms.katalon.selenium.driver.CChromeDriver.execute(CChromeDriver.java:19)
	at org.openqa.selenium.remote.RemoteWebElement.execute(RemoteWebElement.java:285)
	at org.openqa.selenium.remote.RemoteWebElement.click(RemoteWebElement.java:84)
	at org.openqa.selenium.support.events.EventFiringWebDriver$EventFiringWebElement.lambda$new$0(EventFiringWebDriver.java:404)
	at com.sun.proxy.$Proxy11.click(Unknown Source)
	at org.openqa.selenium.support.events.EventFiringWebDriver$EventFiringWebElement.click(EventFiringWebDriver.java:417)
	at com.kms.katalon.core.webui.keyword.builtin.ClickKeyword$_click_closure1.doCall(ClickKeyword.groovy:68)
	at com.kms.katalon.core.webui.keyword.builtin.ClickKeyword$_click_closure1.call(ClickKeyword.groovy)
	at com.kms.katalon.core.webui.keyword.internal.WebUIKeywordMain.runKeyword(WebUIKeywordMain.groovy:20)
	... 22 more
"/>
         <system-out><![CDATA[2021-11-23 15:20:55 - [TEST_CASE][FAILED] - Test Cases/FBN Credit360 LOS Opeartion/Credit Application: Test Cases/FBN Credit360 LOS Opeartion/Credit Application FAILED.
Reason:
com.kms.katalon.core.exception.StepFailedException: Unable to click on object 'Object Repository/Credit Application/Page_Fintrak  Core Banking/div_Amount_ui-radiobutton ui-widget'
	at com.kms.katalon.core.webui.keyword.internal.WebUIKeywordMain.stepFailed(WebUIKeywordMain.groovy:64)
	at com.kms.katalon.core.webui.keyword.internal.WebUIKeywordMain.runKeyword(WebUIKeywordMain.groovy:26)
	at com.kms.katalon.core.webui.keyword.builtin.ClickKeyword.click(ClickKeyword.groovy:75)
	at com.kms.katalon.core.webui.keyword.builtin.ClickKeyword.execute(ClickKeyword.groovy:42)
	at com.kms.katalon.core.keyword.internal.KeywordExecutor.executeKeywordForPlatform(KeywordExecutor.groovy:74)
	at com.kms.katalon.core.webui.keyword.WebUiBuiltInKeywords.click(WebUiBuiltInKeywords.groovy:620)
	at com.kms.katalon.core.webui.keyword.WebUiBuiltInKeywords$click$3.call(Unknown Source)
	at Credit Application.run(Credit Application:24)
	at com.kms.katalon.core.main.ScriptEngine.run(ScriptEngine.java:194)
	at com.kms.katalon.core.main.ScriptEngine.runScriptAsRawText(ScriptEngine.java:119)
	at com.kms.katalon.core.main.TestCaseExecutor.runScript(TestCaseExecutor.java:430)
	at com.kms.katalon.core.main.TestCaseExecutor.doExecute(TestCaseExecutor.java:421)
	at com.kms.katalon.core.main.TestCaseExecutor.processExecutionPhase(TestCaseExecutor.java:400)
	at com.kms.katalon.core.main.TestCaseExecutor.accessMainPhase(TestCaseExecutor.java:392)
	at com.kms.katalon.core.main.TestCaseExecutor.execute(TestCaseExecutor.java:273)
	at com.kms.katalon.core.main.TestCaseExecutor.execute(TestCaseExecutor.java:351)
	at com.kms.katalon.core.main.TestCaseExecutor.execute(TestCaseExecutor.java:351)
	at com.kms.katalon.core.main.TestCaseExecutor.execute(TestCaseExecutor.java:351)
	at com.kms.katalon.core.main.TestSuiteExecutor.accessTestCaseMainPhase(TestSuiteExecutor.java:202)
	at com.kms.katalon.core.main.TestSuiteExecutor.accessTestSuiteMainPhase(TestSuiteExecutor.java:164)
	at com.kms.katalon.core.main.TestSuiteExecutor.execute(TestSuiteExecutor.java:105)
	at com.kms.katalon.core.main.TestCaseMain.startTestSuite(TestCaseMain.java:185)
	at com.kms.katalon.core.main.TestCaseMain$startTestSuite$0.call(Unknown Source)
	at TempTestSuite1637676172355.run(TempTestSuite1637676172355.groovy:36)
Caused by: org.openqa.selenium.ElementClickInterceptedException: element click intercepted: Element <div class="ui-paginator-bottom ui-paginator ui-widget ui-widget-header ui-unselectable-text ng-star-inserted">...</div> is not clickable at point (642, 279). Other element would receive the click: <div id="page-preloader" style="display: block;">...</div>
  (Session info: chrome=95.0.4638.69)
Build info: version: '3.141.59', revision: 'e82be7d358', time: '2018-11-14T08:25:53'
System info: host: 'INAOBATAN', ip: '172.20.10.3', os.name: 'Windows 10', os.arch: 'amd64', os.version: '10.0', java.version: '1.8.0_282'
Driver info: com.kms.katalon.selenium.driver.CChromeDriver
Capabilities {acceptInsecureCerts: false, browserName: chrome, browserVersion: 95.0.4638.69, chrome: {chromedriverVersion: 95.0.4638.69 (6a1600ed572fe..., userDataDir: C:\Users\INAOBA~1.OLA\AppDa...}, goog:chromeOptions: {debuggerAddress: localhost:58522}, javascriptEnabled: true, networkConnectionEnabled: false, pageLoadStrategy: normal, platform: WINDOWS, platformName: WINDOWS, proxy: Proxy(), setWindowRect: true, strictFileInteractability: false, timeouts: {implicit: 0, pageLoad: 300000, script: 30000}, unhandledPromptBehavior: dismiss and notify, webauthn:extension:credBlob: true, webauthn:extension:largeBlob: true, webauthn:virtualAuthenticators: true}
Session ID: b7c65b80c8459c7b5b1b4f6828036a96
	at org.openqa.selenium.remote.http.W3CHttpResponseCodec.createException(W3CHttpResponseCodec.java:187)
	at org.openqa.selenium.remote.http.W3CHttpResponseCodec.decode(W3CHttpResponseCodec.java:122)
	at org.openqa.selenium.remote.http.W3CHttpResponseCodec.decode(W3CHttpResponseCodec.java:49)
	at org.openqa.selenium.remote.HttpCommandExecutor.execute(HttpCommandExecutor.java:158)
	at org.openqa.selenium.remote.service.DriverCommandExecutor.execute(DriverCommandExecutor.java:83)
	at org.openqa.selenium.remote.RemoteWebDriver.execute(RemoteWebDriver.java:552)
	at com.kms.katalon.selenium.driver.CChromeDriver.execute(CChromeDriver.java:19)
	at org.openqa.selenium.remote.RemoteWebElement.execute(RemoteWebElement.java:285)
	at org.openqa.selenium.remote.RemoteWebElement.click(RemoteWebElement.java:84)
	at org.openqa.selenium.support.events.EventFiringWebDriver$EventFiringWebElement.lambda$new$0(EventFiringWebDriver.java:404)
	at com.sun.proxy.$Proxy11.click(Unknown Source)
	at org.openqa.selenium.support.events.EventFiringWebDriver$EventFiringWebElement.click(EventFiringWebDriver.java:417)
	at com.kms.katalon.core.webui.keyword.builtin.ClickKeyword$_click_closure1.doCall(ClickKeyword.groovy:68)
	at com.kms.katalon.core.webui.keyword.builtin.ClickKeyword$_click_closure1.call(ClickKeyword.groovy)
	at com.kms.katalon.core.webui.keyword.internal.WebUIKeywordMain.runKeyword(WebUIKeywordMain.groovy:20)
	... 22 more


2021-11-23 15:20:55 - [TEST_STEP][PASSED] - callTestCase(findTestCase("FBN Credit360 LOS Opeartion/Credit Origination"), [:], STOP_ON_FAILURE): Call Test Case 'Test Cases/FBN Credit360 LOS Opeartion/Credit Origination' successfully

2021-11-23 15:20:55 - [TEST_CASE][PASSED] - Test Cases/FBN Credit360 LOS Opeartion/Credit Origination: Test Cases/FBN Credit360 LOS Opeartion/Credit Origination

2021-11-23 15:20:55 - [TEST_STEP][PASSED] - callTestCase(findTestCase("FBN Credit360 LOS Opeartion/Login"), [:], STOP_ON_FAILURE): Call Test Case 'Test Cases/FBN Credit360 LOS Opeartion/Login' successfully

2021-11-23 15:20:55 - [TEST_CASE][PASSED] - Test Cases/FBN Credit360 LOS Opeartion/Login: Test Cases/FBN Credit360 LOS Opeartion/Login

2021-11-23 15:20:55 - [TEST_STEP][PASSED] - openBrowser(""): Browser is opened with url: ''

2021-11-23 15:20:55 - [MESSAGE][WARNING] - A browser is already opened. Closing browser and opening a new one

2021-11-23 15:20:56 - [MESSAGE][INFO] - Starting 'Chrome' driver

2021-11-23 15:20:56 - [MESSAGE][INFO] - Action delay is set to 0 milliseconds

2021-11-23 15:20:57 - [MESSAGE][PASSED] - Browser is opened with url: ''

2021-11-23 15:20:57 - [TEST_STEP][PASSED] - navigateToUrl("https://fintrakcredit360web-fb.azurewebsites.net/#/"): Navigate to 'https://fintrakcredit360web-fb.azurewebsites.net/#/' successfully

2021-11-23 15:21:02 - [MESSAGE][PASSED] - Navigate to 'https://fintrakcredit360web-fb.azurewebsites.net/#/' successfully

2021-11-23 15:21:02 - [TEST_STEP][PASSED] - setText(findTestObject("Object Repository/Login-/Page_Fintrak  Core Banking/input_Log In_auth-name"), "SN019641"): Text 'SN019641' is set on object 'Object Repository/Login-/Page_Fintrak  Core Banking/input_Log In_auth-name'

2021-11-23 15:21:04 - [MESSAGE][PASSED] - Text 'SN019641' is set on object 'Object Repository/Login-/Page_Fintrak  Core Banking/input_Log In_auth-name'

2021-11-23 15:21:04 - [TEST_STEP][PASSED] - setEncryptedText(findTestObject("Object Repository/Login-/Page_Fintrak  Core Banking/input_Log In_auth-password"), "JltEQgaE0YE="): Text ****** has been set on object 'Object Repository/Login-/Page_Fintrak  Core Banking/input_Log In_auth-password'

2021-11-23 15:21:04 - [MESSAGE][PASSED] - Text ****** has been set on object 'Object Repository/Login-/Page_Fintrak  Core Banking/input_Log In_auth-password'

2021-11-23 15:21:04 - [TEST_STEP][PASSED] - click(findTestObject("Object Repository/Login-/Page_Fintrak  Core Banking/button_Log In")): Object: 'Object Repository/Login-/Page_Fintrak  Core Banking/button_Log In' is clicked on

2021-11-23 15:21:05 - [MESSAGE][PASSED] - Object: 'Object Repository/Login-/Page_Fintrak  Core Banking/button_Log In' is clicked on

2021-11-23 15:21:05 - [MESSAGE][PASSED] - Call Test Case 'Test Cases/FBN Credit360 LOS Opeartion/Login' successfully

2021-11-23 15:21:05 - [TEST_STEP][PASSED] - click(findTestObject("Object Repository/Credit Origination/Page_Fintrak  Core Banking/span_Credit")): Object: 'Object Repository/Credit Origination/Page_Fintrak  Core Banking/span_Credit' is clicked on

2021-11-23 15:21:08 - [MESSAGE][PASSED] - Object: 'Object Repository/Credit Origination/Page_Fintrak  Core Banking/span_Credit' is clicked on

2021-11-23 15:21:08 - [TEST_STEP][PASSED] - click(findTestObject("Object Repository/Credit Origination/Page_Fintrak  Core Banking/span_Credit Origination")): Object: 'Object Repository/Credit Origination/Page_Fintrak  Core Banking/span_Credit Origination' is clicked on

2021-11-23 15:21:08 - [MESSAGE][PASSED] - Object: 'Object Repository/Credit Origination/Page_Fintrak  Core Banking/span_Credit Origination' is clicked on

2021-11-23 15:21:08 - [MESSAGE][PASSED] - Call Test Case 'Test Cases/FBN Credit360 LOS Opeartion/Credit Origination' successfully

2021-11-23 15:21:08 - [TEST_STEP][PASSED] - click(findTestObject("Object Repository/Credit Application/Page_Fintrak  Core Banking/span_Credit Applications")): Object: 'Object Repository/Credit Application/Page_Fintrak  Core Banking/span_Credit Applications' is clicked on

2021-11-23 15:21:09 - [MESSAGE][PASSED] - Object: 'Object Repository/Credit Application/Page_Fintrak  Core Banking/span_Credit Applications' is clicked on

[...]
	at com.kms.katalon.selenium.driver.CChromeDriver.execute(CChromeDriver.java:19)
	at org.openqa.selenium.remote.RemoteWebElement.execute(RemoteWebElement.java:285)
	at org.openqa.selenium.remote.RemoteWebElement.click(RemoteWebElement.java:84)
	at org.openqa.selenium.support.events.EventFiringWebDriver$EventFiringWebElement.lambda$new$0(EventFiringWebDriver.java:404)
	at com.sun.proxy.$Proxy11.click(Unknown Source)
	at org.openqa.selenium.support.events.EventFiringWebDriver$EventFiringWebElement.click(EventFiringWebDriver.java:417)
	at com.kms.katalon.core.webui.keyword.builtin.ClickKeyword$_click_closure1.doCall(ClickKeyword.groovy:68)
	at com.kms.katalon.core.webui.keyword.builtin.ClickKeyword$_click_closure1.call(ClickKeyword.groovy)
	at com.kms.katalon.core.webui.keyword.internal.WebUIKeywordMain.runKeyword(WebUIKeywordMain.groovy:20)
	at com.kms.katalon.core.webui.keyword.builtin.ClickKeyword.click(ClickKeyword.groovy:75)
	at com.kms.katalon.core.webui.keyword.builtin.ClickKeyword.execute(ClickKeyword.groovy:42)
	at com.kms.katalon.core.keyword.internal.KeywordExecutor.executeKeywordForPlatform(KeywordExecutor.groovy:74)
	at com.kms.katalon.core.webui.keyword.WebUiBuiltInKeywords.click(WebUiBuiltInKeywords.groovy:620)
	at com.kms.katalon.core.webui.keyword.WebUiBuiltInKeywords$click$3.call(Unknown Source)
	at Script1637659447406.run(Script1637659447406.groovy:38)
	... 16 more
)
[[ATTACHMENT|C:\\Users\\inaobatan.olawale\\Katalon Studio\\My First Web UI Project\\Reports\\20211123_150252\\FBN Credit360 LOS Operation\\LOS Operation\\20211123_150252\\1637680719813.png]]]]></system-out>
         <system-err><![CDATA[2021-11-23 16:18:22 - [TEST_CASE][FAILED] - Test Cases/FBN Credit360 LOS Opeartion/Login As The Completer: Test Cases/FBN Credit360 LOS Opeartion/Login As The Completer FAILED.
Reason:
com.kms.katalon.core.exception.StepFailedException: Unable to click on object 'Object Repository/Login As The Completer/Page_Fintrak  Core Banking/div_Loan Amount_ui-radiobutton-box ui-widge_b43808'
	at com.kms.katalon.core.webui.keyword.internal.WebUIKeywordMain.stepFailed(WebUIKeywordMain.groovy:64)
	at com.kms.katalon.core.webui.keyword.internal.WebUIKeywordMain.runKeyword(WebUIKeywordMain.groovy:26)
	at com.kms.katalon.core.webui.keyword.builtin.ClickKeyword.click(ClickKeyword.groovy:75)
	at com.kms.katalon.core.webui.keyword.builtin.ClickKeyword.execute(ClickKeyword.groovy:42)
	at com.kms.katalon.core.keyword.internal.KeywordExecutor.executeKeywordForPlatform(KeywordExecutor.groovy:74)
	at com.kms.katalon.core.webui.keyword.WebUiBuiltInKeywords.click(WebUiBuiltInKeywords.groovy:620)
	at com.kms.katalon.core.webui.keyword.WebUiBuiltInKeywords$click$3.call(Unknown Source)
	at Login As The Completer.run(Login As The Completer:38)
	at com.kms.katalon.core.main.ScriptEngine.run(ScriptEngine.java:194)
	at com.kms.katalon.core.main.ScriptEngine.runScriptAsRawText(ScriptEngine.java:119)
	at com.kms.katalon.core.main.TestCaseExecutor.runScript(TestCaseExecutor.java:430)
	at com.kms.katalon.core.main.TestCaseExecutor.doExecute(TestCaseExecutor.java:421)
	at com.kms.katalon.core.main.TestCaseExecutor.processExecutionPhase(TestCaseExecutor.java:400)
	at com.kms.katalon.core.main.TestCaseExecutor.accessMainPhase(TestCaseExecutor.java:392)
	at com.kms.katalon.core.main.TestCaseExecutor.execute(TestCaseExecutor.java:273)
	at com.kms.katalon.core.main.TestCaseExecutor.execute(TestCaseExecutor.java:351)
	at com.kms.katalon.core.main.TestCaseExecutor.execute(TestCaseExecutor.java:351)
	at com.kms.katalon.core.main.TestCaseExecutor.execute(TestCaseExecutor.java:351)
	at com.kms.katalon.core.main.TestSuiteExecutor.accessTestCaseMainPhase(TestSuiteExecutor.java:202)
	at com.kms.katalon.core.main.TestSuiteExecutor.accessTestSuiteMainPhase(TestSuiteExecutor.java:164)
	at com.kms.katalon.core.main.TestSuiteExecutor.execute(TestSuiteExecutor.java:105)
	at com.kms.katalon.core.main.TestCaseMain.startTestSuite(TestCaseMain.java:185)
	at com.kms.katalon.core.main.TestCaseMain$startTestSuite$0.call(Unknown Source)
	at TempTestSuite1637676172355.run(TempTestSuite1637676172355.groovy:36)
Caused by: org.openqa.selenium.ElementClickInterceptedException: element click intercepted: Element <div _ngcontent-mgc-c8="" class="panel-footer">...</div> is not clickable at point (643, 250). Other element would receive the click: <div id="page-preloader" style="display: block;">...</div>
  (Session info: chrome=95.0.4638.69)
Build info: version: '3.141.59', revision: 'e82be7d358', time: '2018-11-14T08:25:53'
System info: host: 'INAOBATAN', ip: '172.20.10.3', os.name: 'Windows 10', os.arch: 'amd64', os.version: '10.0', java.version: '1.8.0_282'
Driver info: com.kms.katalon.selenium.driver.CChromeDriver
Capabilities {acceptInsecureCerts: false, browserName: chrome, browserVersion: 95.0.4638.69, chrome: {chromedriverVersion: 95.0.4638.69 (6a1600ed572fe..., userDataDir: C:\Users\INAOBA~1.OLA\AppDa...}, goog:chromeOptions: {debuggerAddress: localhost:61508}, javascriptEnabled: true, networkConnectionEnabled: false, pageLoadStrategy: normal, platform: WINDOWS, platformName: WINDOWS, proxy: Proxy(), setWindowRect: true, strictFileInteractability: false, timeouts: {implicit: 0, pageLoad: 300000, script: 30000}, unhandledPromptBehavior: dismiss and notify, webauthn:extension:credBlob: true, webauthn:extension:largeBlob: true, webauthn:virtualAuthenticators: true}
Session ID: 3bc4c420f0e59436fd34425b69f45911
	at org.openqa.selenium.remote.http.W3CHttpResponseCodec.createException(W3CHttpResponseCodec.java:187)
	at org.openqa.selenium.remote.http.W3CHttpResponseCodec.decode(W3CHttpResponseCodec.java:122)
	at org.openqa.selenium.remote.http.W3CHttpResponseCodec.decode(W3CHttpResponseCodec.java:49)
	at org.openqa.selenium.remote.HttpCommandExecutor.execute(HttpCommandExecutor.java:158)
	at org.openqa.selenium.remote.service.DriverCommandExecutor.execute(DriverCommandExecutor.java:83)
	at org.openqa.selenium.remote.RemoteWebDriver.execute(RemoteWebDriver.java:552)
	at com.kms.katalon.selenium.driver.CChromeDriver.execute(CChromeDriver.java:19)
	at org.openqa.selenium.remote.RemoteWebElement.execute(RemoteWebElement.java:285)
	at org.openqa.selenium.remote.RemoteWebElement.click(RemoteWebElement.java:84)
	at org.openqa.selenium.support.events.EventFiringWebDriver$EventFiringWebElement.lambda$new$0(EventFiringWebDriver.java:404)
	at com.sun.proxy.$Proxy11.click(Unknown Source)
	at org.openqa.selenium.support.events.EventFiringWebDriver$EventFiringWebElement.click(EventFiringWebDriver.java:417)
	at com.kms.katalon.core.webui.keyword.builtin.ClickKeyword$_click_closure1.doCall(ClickKeyword.groovy:68)
	at com.kms.katalon.core.webui.keyword.builtin.ClickKeyword$_click_closure1.call(ClickKeyword.groovy)
	at com.kms.katalon.core.webui.keyword.internal.WebUIKeywordMain.runKeyword(WebUIKeywordMain.groovy:20)
	... 22 more]]></system-err>
      </testcase>
      <system-out><![CDATA[2021-11-23 15:02:55 - [TEST_SUITE][FAILED] - LOS Operation: Test Cases/FBN Credit360 LOS Opeartion/Start New Loan Application FAILED.
Reason:
com.kms.katalon.core.exception.StepFailedException: Call Test Case 'Test Cases/FBN Credit360 LOS Opeartion/Update Credit Bureau' failed
	at com.kms.katalon.core.keyword.builtin.CallTestCaseKeyword$_callTestCase_closure1.doCall(CallTestCaseKeyword.groovy:63)
	at com.kms.katalon.core.keyword.builtin.CallTestCaseKeyword$_callTestCase_closure1.call(CallTestCaseKeyword.groovy)
	at com.kms.katalon.core.keyword.internal.KeywordMain.runKeyword(KeywordMain.groovy:74)
	at com.kms.katalon.core.keyword.builtin.CallTestCaseKeyword.callTestCase(CallTestCaseKeyword.groovy:81)
	at com.kms.katalon.core.keyword.builtin.CallTestCaseKeyword.execute(CallTestCaseKeyword.groovy:44)
	at com.kms.katalon.core.keyword.internal.KeywordExecutor.executeKeywordForPlatform(KeywordExecutor.groovy:74)
	at com.kms.katalon.core.keyword.BuiltinKeywords.callTestCase(BuiltinKeywords.groovy:334)
	at Start New Loan Application.run(Start New Loan Application:20)
	at com.kms.katalon.core.main.ScriptEngine.run(ScriptEngine.java:194)
	at com.kms.katalon.core.main.ScriptEngine.runScriptAsRawText(ScriptEngine.java:119)
	at com.kms.katalon.core.main.TestCaseExecutor.runScript(TestCaseExecutor.java:430)
	at com.kms.katalon.core.main.TestCaseExecutor.doExecute(TestCaseExecutor.java:421)
	at com.kms.katalon.core.main.TestCaseExecutor.processExecutionPhase(TestCaseExecutor.java:400)
	at com.kms.katalon.core.main.TestCaseExecutor.accessMainPhase(TestCaseExecutor.java:392)
	at com.kms.katalon.core.main.TestCaseExecutor.execute(TestCaseExecutor.java:273)
	at com.kms.katalon.core.main.TestSuiteExecutor.accessTestCaseMainPhase(TestSuiteExecutor.java:202)
	at com.kms.katalon.core.main.TestSuiteExecutor.accessTestSuiteMainPhase(TestSuiteExecutor.java:164)
	at com.kms.katalon.core.main.TestSuiteExecutor.execute(TestSuiteExecutor.java:105)
	at com.kms.katalon.core.main.TestCaseMain.startTestSuite(TestCaseMain.java:185)
	at com.kms.katalon.core.main.TestCaseMain$startTestSuite$0.call(Unknown Source)
	at TempTestSuite1637676172355.run(TempTestSuite1637676172355.groovy:36)
Caused by: com.kms.katalon.core.exception.StepFailedException: Unable to click on object 'Object Repository/Update Credit Bureau/Page_Fintrak  Core Banking/button_Upload Credit Bureau Report'
	at com.kms.katalon.core.webui.keyword.internal.WebUIKeywordMain.stepFailed(WebUIKeywordMain.groovy:64)
	at com.kms.katalon.core.webui.keyword.internal.WebUIKeywordMain.runKeyword(WebUIKeywordMain.groovy:26)
	at com.kms.katalon.core.webui.keyword.builtin.ClickKeyword.click(ClickKeyword.groovy:75)
	at com.kms.katalon.core.webui.keyword.builtin.ClickKeyword.execute(ClickKeyword.groovy:42)
	at com.kms.katalon.core.keyword.internal.KeywordExecutor.executeKeywordForPlatform(KeywordExecutor.groovy:74)
	at com.kms.katalon.core.webui.keyword.WebUiBuiltInKeywords.click(WebUiBuiltInKeywords.groovy:620)
	at com.kms.katalon.core.webui.keyword.WebUiBuiltInKeywords$click$3.call(Unknown Source)
	at Update Credit Bureau.run(Update Credit Bureau:22)
	at com.kms.katalon.core.main.ScriptEngine.run(ScriptEngine.java:194)
	at com.kms.katalon.core.main.ScriptEngine.runScriptAsRawText(ScriptEngine.java:119)
	at com.kms.katalon.core.main.TestCaseExecutor.runScript(TestCaseExecutor.java:430)
	at com.kms.katalon.core.main.TestCaseExecutor.doExecute(TestCaseExecutor.java:421)
	at com.kms.katalon.core.main.TestCaseExecutor.processExecutionPhase(TestCaseExecutor.java:400)
	at com.kms.katalon.core.main.TestCaseExecutor.accessMainPhase(TestCaseExecutor.java:392)
	at com.kms.katalon.core.main.TestCaseExecutor.execute(TestCaseExecutor.java:273)
	at com.kms.katalon.core.main.TestCaseMain.runTestCase(TestCaseMain.java:142)
	at com.kms.katalon.core.keyword.builtin.CallTestCaseKeyword$_callTestCase_closure1.doCall(CallTestCaseKeyword.groovy:59)
	... 20 more
Caused by: org.openqa.selenium.ElementNotInteractableException: element not interactable
  (Session info: chrome=95.0.4638.69)
Build info: version: '3.141.59', revision: 'e82be7d358', time: '2018-11-14T08:25:53'
System info: host: 'INAOBATAN', ip: '172.20.10.3', os.name: 'Windows 10', os.arch: 'amd64', os.version: '10.0', java.version: '1.8.0_282'
Driver info: com.kms.katalon.selenium.driver.CChromeDriver
Capabilities {acceptInsecureCerts: false, browserName: chrome, browserVersion: 95.0.4638.69, chrome: {chromedriverVersion: 95.0.4638.69 (6a1600ed572fe..., userDataDir: C:\Users\INAOBA~1.OLA\AppDa...}, goog:chromeOptions: {debuggerAddress: localhost:58005}, javascriptEnabled: true, networkConnectionEnabled: false, pageLoadStrategy: normal, platform: WINDOWS, platformName: WINDOWS, proxy: Proxy(), setWindowRect: true, strictFileInteractability: false, timeouts: {implicit: 0, pageLoad: 300000, script: 30000}, unhandledPromptBehavior: dismiss and notify, webauthn:extension:credBlob: true, webauthn:extension:largeBlob: true, webauthn:virtualAuthenticators: true}
Session ID: a9897c08b56effb4a566f222459cf033
	at org.openqa.selenium.remote.http.W3CHttpResponseCodec.createException(W3CHttpResponseCodec.java:187)
	at org.openqa.selenium.remote.http.W3CHttpResponseCodec.decode(W3CHttpResponseCodec.java:122)
	at org.openqa.selenium.remote.http.W3CHttpResponseCodec.decode(W3CHttpResponseCodec.java:49)
	at org.openqa.selenium.remote.HttpCommandExecutor.execute(HttpCommandExecutor.java:158)
	at org.openqa.selenium.remote.service.DriverCommandExecutor.execute(DriverCommandExecutor.java:83)
	at org.openqa.selenium.remote.RemoteWebDriver.execute(RemoteWebDriver.java:552)
	at com.kms.katalon.selenium.driver.CChromeDriver.execute(CChromeDriver.java:19)
	at org.openqa.selenium.remote.RemoteWebElement.execute(RemoteWebElement.java:285)
	at org.openqa.selenium.remote.RemoteWebElement.click(RemoteWebElement.java:84)
	at org.openqa.selenium.support.events.EventFiringWebDriver$EventFiringWebElement.lambda$new$0(EventFiringWebDriver.java:404)
	at com.sun.proxy.$Proxy11.click(Unknown Source)
	at org.openqa.selenium.support.events.EventFiringWebDriver$EventFiringWebElement.click(EventFiringWebDriver.java:417)
	at com.kms.katalon.core.webui.keyword.builtin.ClickKeyword$_click_closure1.doCall(ClickKeyword.groovy:68)
	at com.kms.katalon.core.webui.keyword.builtin.ClickKeyword$_click_closure1.call(ClickKeyword.groovy)
	at com.kms.katalon.core.webui.keyword.internal.WebUIKeywordMain.runKeyword(WebUIKeywordMain.groovy:20)
	... 35 more]]></system-out>
      <system-err><![CDATA[2021-11-23 15:02:55 - [TEST_SUITE][FAILED] - LOS Operation: Test Cases/FBN Credit360 LOS Opeartion/Start New Loan Application FAILED.
Reason:
com.kms.katalon.core.exception.StepFailedException: Call Test Case 'Test Cases/FBN Credit360 LOS Opeartion/Update Credit Bureau' failed
	at com.kms.katalon.core.keyword.builtin.CallTestCaseKeyword$_callTestCase_closure1.doCall(CallTestCaseKeyword.groovy:63)
	at com.kms.katalon.core.keyword.builtin.CallTestCaseKeyword$_callTestCase_closure1.call(CallTestCaseKeyword.groovy)
	at com.kms.katalon.core.keyword.internal.KeywordMain.runKeyword(KeywordMain.groovy:74)
	at com.kms.katalon.core.keyword.builtin.CallTestCaseKeyword.callTestCase(CallTestCaseKeyword.groovy:81)
	at com.kms.katalon.core.keyword.builtin.CallTestCaseKeyword.execute(CallTestCaseKeyword.groovy:44)
	at com.kms.katalon.core.keyword.internal.KeywordExecutor.executeKeywordForPlatform(KeywordExecutor.groovy:74)
	at com.kms.katalon.core.keyword.BuiltinKeywords.callTestCase(BuiltinKeywords.groovy:334)
	at Start New Loan Application.run(Start New Loan Application:20)
	at com.kms.katalon.core.main.ScriptEngine.run(ScriptEngine.java:194)
	at com.kms.katalon.core.main.ScriptEngine.runScriptAsRawText(ScriptEngine.java:119)
	at com.kms.katalon.core.main.TestCaseExecutor.runScript(TestCaseExecutor.java:430)
	at com.kms.katalon.core.main.TestCaseExecutor.doExecute(TestCaseExecutor.java:421)
	at com.kms.katalon.core.main.TestCaseExecutor.processExecutionPhase(TestCaseExecutor.java:400)
	at com.kms.katalon.core.main.TestCaseExecutor.accessMainPhase(TestCaseExecutor.java:392)
	at com.kms.katalon.core.main.TestCaseExecutor.execute(TestCaseExecutor.java:273)
	at com.kms.katalon.core.main.TestSuiteExecutor.accessTestCaseMainPhase(TestSuiteExecutor.java:202)
	at com.kms.katalon.core.main.TestSuiteExecutor.accessTestSuiteMainPhase(TestSuiteExecutor.java:164)
	at com.kms.katalon.core.main.TestSuiteExecutor.execute(TestSuiteExecutor.java:105)
	at com.kms.katalon.core.main.TestCaseMain.startTestSuite(TestCaseMain.java:185)
	at com.kms.katalon.core.main.TestCaseMain$startTestSuite$0.call(Unknown Source)
	at TempTestSuite1637676172355.run(TempTestSuite1637676172355.groovy:36)
Caused by: com.kms.katalon.core.exception.StepFailedException: Unable to click on object 'Object Repository/Update Credit Bureau/Page_Fintrak  Core Banking/button_Upload Credit Bureau Report'
	at com.kms.katalon.core.webui.keyword.internal.WebUIKeywordMain.stepFailed(WebUIKeywordMain.groovy:64)
	at com.kms.katalon.core.webui.keyword.internal.WebUIKeywordMain.runKeyword(WebUIKeywordMain.groovy:26)
	at com.kms.katalon.core.webui.keyword.builtin.ClickKeyword.click(ClickKeyword.groovy:75)
	at com.kms.katalon.core.webui.keyword.builtin.ClickKeyword.execute(ClickKeyword.groovy:42)
	at com.kms.katalon.core.keyword.internal.KeywordExecutor.executeKeywordForPlatform(KeywordExecutor.groovy:74)
	at com.kms.katalon.core.webui.keyword.WebUiBuiltInKeywords.click(WebUiBuiltInKeywords.groovy:620)
	at com.kms.katalon.core.webui.keyword.WebUiBuiltInKeywords$click$3.call(Unknown Source)
	at Update Credit Bureau.run(Update Credit Bureau:22)
	at com.kms.katalon.core.main.ScriptEngine.run(ScriptEngine.java:194)
	at com.kms.katalon.core.main.ScriptEngine.runScriptAsRawText(ScriptEngine.java:119)
	at com.kms.katalon.core.main.TestCaseExecutor.runScript(TestCaseExecutor.java:430)
	at com.kms.katalon.core.main.TestCaseExecutor.doExecute(TestCaseExecutor.java:421)
	at com.kms.katalon.core.main.TestCaseExecutor.processExecutionPhase(TestCaseExecutor.java:400)
	at com.kms.katalon.core.main.TestCaseExecutor.accessMainPhase(TestCaseExecutor.java:392)
	at com.kms.katalon.core.main.TestCaseExecutor.execute(TestCaseExecutor.java:273)
	at com.kms.katalon.core.main.TestCaseMain.runTestCase(TestCaseMain.java:142)
	at com.kms.katalon.core.keyword.builtin.CallTestCaseKeyword$_callTestCase_closure1.doCall(CallTestCaseKeyword.groovy:59)
	... 20 more
Caused by: org.openqa.selenium.ElementNotInteractableException: element not interactable
  (Session info: chrome=95.0.4638.69)
Build info: version: '3.141.59', revision: 'e82be7d358', time: '2018-11-14T08:25:53'
System info: host: 'INAOBATAN', ip: '172.20.10.3', os.name: 'Windows 10', os.arch: 'amd64', os.version: '10.0', java.version: '1.8.0_282'
Driver info: com.kms.katalon.selenium.driver.CChromeDriver
Capabilities {acceptInsecureCerts: false, browserName: chrome, browserVersion: 95.0.4638.69, chrome: {chromedriverVersion: 95.0.4638.69 (6a1600ed572fe..., userDataDir: C:\Users\INAOBA~1.OLA\AppDa...}, goog:chromeOptions: {debuggerAddress: localhost:58005}, javascriptEnabled: true, networkConnectionEnabled: false, pageLoadStrategy: normal, platform: WINDOWS, platformName: WINDOWS, proxy: Proxy(), setWindowRect: true, strictFileInteractability: false, timeouts: {implicit: 0, pageLoad: 300000, script: 30000}, unhandledPromptBehavior: dismiss and notify, webauthn:extension:credBlob: true, webauthn:extension:largeBlob: true, webauthn:virtualAuthenticators: true}
Session ID: a9897c08b56effb4a566f222459cf033
	at org.openqa.selenium.remote.http.W3CHttpResponseCodec.createException(W3CHttpResponseCodec.java:187)
	at org.openqa.selenium.remote.http.W3CHttpResponseCodec.decode(W3CHttpResponseCodec.java:122)
	at org.openqa.selenium.remote.http.W3CHttpResponseCodec.decode(W3CHttpResponseCodec.java:49)
	at org.openqa.selenium.remote.HttpCommandExecutor.execute(HttpCommandExecutor.java:158)
	at org.openqa.selenium.remote.service.DriverCommandExecutor.execute(DriverCommandExecutor.java:83)
	at org.openqa.selenium.remote.RemoteWebDriver.execute(RemoteWebDriver.java:552)
	at com.kms.katalon.selenium.driver.CChromeDriver.execute(CChromeDriver.java:19)
	at org.openqa.selenium.remote.RemoteWebElement.execute(RemoteWebElement.java:285)
	at org.openqa.selenium.remote.RemoteWebElement.click(RemoteWebElement.java:84)
	at org.openqa.selenium.support.events.EventFiringWebDriver$EventFiringWebElement.lambda$new$0(EventFiringWebDriver.java:404)
	at com.sun.proxy.$Proxy11.click(Unknown Source)
	at org.openqa.selenium.support.events.EventFiringWebDriver$EventFiringWebElement.click(EventFiringWebDriver.java:417)
	at com.kms.katalon.core.webui.keyword.builtin.ClickKeyword$_click_closure1.doCall(ClickKeyword.groovy:68)
	at com.kms.katalon.core.webui.keyword.builtin.ClickKeyword$_click_closure1.call(ClickKeyword.groovy)
	at com.kms.katalon.core.webui.keyword.internal.WebUIKeywordMain.runKeyword(WebUIKeywordMain.groovy:20)
	... 35 more]]></system-err>
   </testsuite>
</testsuites>
